{"/home/travis/build/npmtest/node-npmtest-swagger-client/test.js":{"path":"/home/travis/build/npmtest/node-npmtest-swagger-client/test.js","s":{"1":2,"2":2,"3":2,"4":2,"5":2,"6":2,"7":2,"8":1,"9":2,"10":2,"11":1,"12":1,"13":1,"14":1,"15":2,"16":2,"17":2,"18":2,"19":1,"20":1,"21":2,"22":2,"23":2,"24":1,"25":1,"26":1,"27":1,"28":1,"29":1,"30":1,"31":1,"32":1,"33":1,"34":1,"35":1,"36":1,"37":1,"38":1,"39":2,"40":2,"41":1,"42":2,"43":2,"44":1,"45":2,"46":2,"47":1,"48":2,"49":2,"50":1,"51":1,"52":1,"53":1,"54":1},"b":{"1":[2,1,1,1],"2":[1,1,1,1],"3":[1,1],"4":[1,1],"5":[1,1],"6":[1,1],"7":[1,1],"8":[1,1],"9":[1,1],"10":[1,1,1],"11":[1,1],"12":[1,1],"13":[1,1],"14":[1,1],"15":[1,1],"16":[1,1],"17":[1,1]},"f":{"1":2,"2":2,"3":2,"4":2,"5":2,"6":1,"7":1,"8":1,"9":2,"10":2,"11":2,"12":2,"13":1},"fnMap":{"1":{"name":"(anonymous_1)","line":12,"loc":{"start":{"line":12,"column":1},"end":{"line":12,"column":13}}},"2":{"name":"(anonymous_2)","line":19,"loc":{"start":{"line":19,"column":5},"end":{"line":19,"column":17}}},"3":{"name":"(anonymous_3)","line":23,"loc":{"start":{"line":23,"column":24},"end":{"line":23,"column":36}}},"4":{"name":"(anonymous_4)","line":61,"loc":{"start":{"line":61,"column":5},"end":{"line":61,"column":17}}},"5":{"name":"(anonymous_5)","line":82,"loc":{"start":{"line":82,"column":5},"end":{"line":82,"column":17}}},"6":{"name":"(anonymous_6)","line":91,"loc":{"start":{"line":91,"column":77},"end":{"line":94,"column":10}}},"7":{"name":"(anonymous_7)","line":112,"loc":{"start":{"line":112,"column":83},"end":{"line":115,"column":10}},"skip":true},"8":{"name":"(anonymous_8)","line":123,"loc":{"start":{"line":123,"column":77},"end":{"line":126,"column":10}},"skip":true},"9":{"name":"(anonymous_9)","line":139,"loc":{"start":{"line":139,"column":12},"end":{"line":139,"column":40}},"skip":true},"10":{"name":"(anonymous_10)","line":147,"loc":{"start":{"line":147,"column":77},"end":{"line":150,"column":10}},"skip":true},"11":{"name":"(anonymous_11)","line":158,"loc":{"start":{"line":158,"column":83},"end":{"line":161,"column":10}},"skip":true},"12":{"name":"(anonymous_12)","line":169,"loc":{"start":{"line":169,"column":79},"end":{"line":172,"column":10}},"skip":true},"13":{"name":"(anonymous_13)","line":180,"loc":{"start":{"line":180,"column":75},"end":{"line":183,"column":10}},"skip":true}},"statementMap":{"1":{"start":{"line":12,"column":0},"end":{"line":195,"column":5}},"2":{"start":{"line":14,"column":4},"end":{"line":14,"column":14}},"3":{"start":{"line":19,"column":4},"end":{"line":56,"column":9}},"4":{"start":{"line":21,"column":8},"end":{"line":21,"column":19}},"5":{"start":{"line":23,"column":8},"end":{"line":35,"column":13}},"6":{"start":{"line":24,"column":12},"end":{"line":34,"column":13}},"7":{"start":{"line":25,"column":16},"end":{"line":28,"column":30}},"8":{"start":{"line":30,"column":16},"end":{"line":33,"column":27}},"9":{"start":{"line":37,"column":8},"end":{"line":39,"column":21}},"10":{"start":{"line":40,"column":8},"end":{"line":53,"column":9}},"11":{"start":{"line":43,"column":12},"end":{"line":46,"column":14}},"12":{"start":{"line":47,"column":12},"end":{"line":47,"column":18}},"13":{"start":{"line":50,"column":12},"end":{"line":51,"column":33}},"14":{"start":{"line":52,"column":12},"end":{"line":52,"column":18}},"15":{"start":{"line":55,"column":8},"end":{"line":55,"column":35}},"16":{"start":{"line":61,"column":4},"end":{"line":63,"column":9}},"17":{"start":{"line":62,"column":8},"end":{"line":62,"column":15}},"18":{"start":{"line":64,"column":4},"end":{"line":77,"column":5}},"19":{"start":{"line":70,"column":8},"end":{"line":70,"column":14}},"20":{"start":{"line":76,"column":8},"end":{"line":76,"column":14}},"21":{"start":{"line":82,"column":4},"end":{"line":84,"column":9}},"22":{"start":{"line":83,"column":8},"end":{"line":83,"column":15}},"23":{"start":{"line":85,"column":4},"end":{"line":194,"column":5}},"24":{"start":{"line":91,"column":8},"end":{"line":99,"column":10}},"25":{"start":{"line":98,"column":12},"end":{"line":98,"column":35}},"26":{"start":{"line":102,"column":8},"end":{"line":104,"column":63}},"27":{"start":{"line":105,"column":8},"end":{"line":105,"column":14}},"28":{"start":{"line":112,"column":8},"end":{"line":121,"column":10},"skip":true},"29":{"start":{"line":119,"column":12},"end":{"line":119,"column":55},"skip":true},"30":{"start":{"line":120,"column":12},"end":{"line":120,"column":48},"skip":true},"31":{"start":{"line":123,"column":8},"end":{"line":136,"column":10},"skip":true},"32":{"start":{"line":130,"column":12},"end":{"line":130,"column":76},"skip":true},"33":{"start":{"line":131,"column":12},"end":{"line":131,"column":73},"skip":true},"34":{"start":{"line":132,"column":12},"end":{"line":132,"column":74},"skip":true},"35":{"start":{"line":133,"column":12},"end":{"line":133,"column":79},"skip":true},"36":{"start":{"line":134,"column":12},"end":{"line":134,"column":25},"skip":true},"37":{"start":{"line":135,"column":12},"end":{"line":135,"column":45},"skip":true},"38":{"start":{"line":138,"column":8},"end":{"line":145,"column":14},"skip":true},"39":{"start":{"line":143,"column":16},"end":{"line":143,"column":29},"skip":true},"40":{"start":{"line":144,"column":16},"end":{"line":144,"column":55},"skip":true},"41":{"start":{"line":147,"column":8},"end":{"line":156,"column":10},"skip":true},"42":{"start":{"line":154,"column":12},"end":{"line":154,"column":25},"skip":true},"43":{"start":{"line":155,"column":12},"end":{"line":155,"column":45},"skip":true},"44":{"start":{"line":158,"column":8},"end":{"line":167,"column":10},"skip":true},"45":{"start":{"line":165,"column":12},"end":{"line":165,"column":25},"skip":true},"46":{"start":{"line":166,"column":12},"end":{"line":166,"column":48},"skip":true},"47":{"start":{"line":169,"column":8},"end":{"line":178,"column":10},"skip":true},"48":{"start":{"line":176,"column":12},"end":{"line":176,"column":25},"skip":true},"49":{"start":{"line":177,"column":12},"end":{"line":177,"column":46},"skip":true},"50":{"start":{"line":180,"column":8},"end":{"line":189,"column":10},"skip":true},"51":{"start":{"line":187,"column":12},"end":{"line":187,"column":94},"skip":true},"52":{"start":{"line":188,"column":12},"end":{"line":188,"column":48},"skip":true},"53":{"start":{"line":192,"column":8},"end":{"line":192,"column":35},"skip":true},"54":{"start":{"line":193,"column":8},"end":{"line":193,"column":14},"skip":true}},"branchMap":{"1":{"line":25,"type":"binary-expr","locations":[{"start":{"line":25,"column":23},"end":{"line":25,"column":62}},{"start":{"line":26,"column":20},"end":{"line":26,"column":70}},{"start":{"line":27,"column":20},"end":{"line":27,"column":71}},{"start":{"line":28,"column":20},"end":{"line":28,"column":29}}]},"2":{"line":30,"type":"binary-expr","locations":[{"start":{"line":30,"column":23},"end":{"line":30,"column":37}},{"start":{"line":31,"column":20},"end":{"line":31,"column":61}},{"start":{"line":32,"column":20},"end":{"line":32,"column":70}},{"start":{"line":33,"column":20},"end":{"line":33,"column":26}}]},"3":{"line":37,"type":"cond-expr","locations":[{"start":{"line":38,"column":14},"end":{"line":38,"column":20}},{"start":{"line":39,"column":14},"end":{"line":39,"column":20}}]},"4":{"line":40,"type":"switch","locations":[{"start":{"line":42,"column":8},"end":{"line":47,"column":18}},{"start":{"line":49,"column":8},"end":{"line":52,"column":18}}]},"5":{"line":44,"type":"binary-expr","locations":[{"start":{"line":44,"column":16},"end":{"line":44,"column":44}},{"start":{"line":44,"column":48},"end":{"line":44,"column":66}}]},"6":{"line":50,"type":"binary-expr","locations":[{"start":{"line":50,"column":21},"end":{"line":50,"column":49}},{"start":{"line":50,"column":53},"end":{"line":50,"column":72}}]},"7":{"line":64,"type":"switch","locations":[{"start":{"line":69,"column":4},"end":{"line":70,"column":14}},{"start":{"line":75,"column":4},"end":{"line":76,"column":14}}]},"8":{"line":85,"type":"switch","locations":[{"start":{"line":90,"column":4},"end":{"line":105,"column":14}},{"start":{"line":111,"column":4},"end":{"line":193,"column":14},"skip":true}]},"9":{"line":91,"type":"binary-expr","locations":[{"start":{"line":91,"column":42},"end":{"line":91,"column":73}},{"start":{"line":91,"column":77},"end":{"line":99,"column":9}}]},"10":{"line":102,"type":"binary-expr","locations":[{"start":{"line":102,"column":18},"end":{"line":102,"column":32}},{"start":{"line":103,"column":12},"end":{"line":103,"column":53}},{"start":{"line":104,"column":12},"end":{"line":104,"column":61}}]},"11":{"line":112,"type":"binary-expr","locations":[{"start":{"line":112,"column":45},"end":{"line":112,"column":79},"skip":true},{"start":{"line":112,"column":83},"end":{"line":121,"column":9},"skip":true}]},"12":{"line":123,"type":"binary-expr","locations":[{"start":{"line":123,"column":42},"end":{"line":123,"column":73},"skip":true},{"start":{"line":123,"column":77},"end":{"line":136,"column":9},"skip":true}]},"13":{"line":138,"type":"binary-expr","locations":[{"start":{"line":138,"column":48},"end":{"line":138,"column":85},"skip":true},{"start":{"line":139,"column":12},"end":{"line":145,"column":13},"skip":true}]},"14":{"line":147,"type":"binary-expr","locations":[{"start":{"line":147,"column":42},"end":{"line":147,"column":73},"skip":true},{"start":{"line":147,"column":77},"end":{"line":156,"column":9},"skip":true}]},"15":{"line":158,"type":"binary-expr","locations":[{"start":{"line":158,"column":45},"end":{"line":158,"column":79},"skip":true},{"start":{"line":158,"column":83},"end":{"line":167,"column":9},"skip":true}]},"16":{"line":169,"type":"binary-expr","locations":[{"start":{"line":169,"column":43},"end":{"line":169,"column":75},"skip":true},{"start":{"line":169,"column":79},"end":{"line":178,"column":9},"skip":true}]},"17":{"line":180,"type":"binary-expr","locations":[{"start":{"line":180,"column":41},"end":{"line":180,"column":71},"skip":true},{"start":{"line":180,"column":75},"end":{"line":189,"column":9},"skip":true}]}},"code":["/* istanbul instrument in package npmtest_swagger_client */","/*jslint","    bitwise: true,","    browser: true,","    maxerr: 8,","    maxlen: 96,","    node: true,","    nomen: true,","    regexp: true,","    stupid: true","*/","(function () {","    'use strict';","    var local;","","","","    // run shared js-env code - init-before","    (function () {","        // init local","        local = {};","        // init modeJs","        local.modeJs = (function () {","            try {","                return typeof navigator.userAgent === 'string' &&","                    typeof document.querySelector('body') === 'object' &&","                    typeof XMLHttpRequest.prototype.open === 'function' &&","                    'browser';","            } catch (errorCaughtBrowser) {","                return module.exports &&","                    typeof process.versions.node === 'string' &&","                    typeof require('http').createServer === 'function' &&","                    'node';","            }","        }());","        // init global","        local.global = local.modeJs === 'browser'","            ? window","            : global;","        switch (local.modeJs) {","        // re-init local from window.local","        case 'browser':","            local = local.global.utility2.objectSetDefault(","                local.global.utility2_rollup || local.global.local,","                local.global.utility2","            );","            break;","        // re-init local from example.js","        case 'node':","            local = (local.global.utility2_rollup || require('utility2'))","                .requireReadme();","            break;","        }","        // export local","        local.global.local = local;","    }());","","","","    // run shared js-env code - function","    (function () {","        return;","    }());","    switch (local.modeJs) {","","","","    // run browser js-env code - function","    case 'browser':","        break;","","","","    // run node js-env code - function","    case 'node':","        break;","    }","","","","    // run shared js-env code - init-after","    (function () {","        return;","    }());","    switch (local.modeJs) {","","","","    // run browser js-env code - init-after","    case 'browser':","        local.testCase_browser_nullCase = local.testCase_browser_nullCase || function (","            options,","            onError","        ) {","        /*","         * this function will test browsers's null-case handling-behavior-behavior","         */","            onError(null, options);","        };","","        // run tests","        local.nop(local.modeTest &&","            document.querySelector('#testRunButton1') &&","            document.querySelector('#testRunButton1').click());","        break;","","","","    // run node js-env code - init-after","    /* istanbul ignore next */","    case 'node':","        local.testCase_buildApidoc_default = local.testCase_buildApidoc_default || function (","            options,","            onError","        ) {","        /*","         * this function will test buildApidoc's default handling-behavior-behavior","         */","            options = { modulePathList: module.paths };","            local.buildApidoc(options, onError);","        };","","        local.testCase_buildApp_default = local.testCase_buildApp_default || function (","            options,","            onError","        ) {","        /*","         * this function will test buildApp's default handling-behavior-behavior","         */","            local.testCase_buildReadme_default(options, local.onErrorThrow);","            local.testCase_buildLib_default(options, local.onErrorThrow);","            local.testCase_buildTest_default(options, local.onErrorThrow);","            local.testCase_buildCustomOrg_default(options, local.onErrorThrow);","            options = [];","            local.buildApp(options, onError);","        };","","        local.testCase_buildCustomOrg_default = local.testCase_buildCustomOrg_default ||","            function (options, onError) {","            /*","             * this function will test buildCustomOrg's default handling-behavior","             */","                options = {};","                local.buildCustomOrg(options, onError);","            };","","        local.testCase_buildLib_default = local.testCase_buildLib_default || function (","            options,","            onError","        ) {","        /*","         * this function will test buildLib's default handling-behavior","         */","            options = {};","            local.buildLib(options, onError);","        };","","        local.testCase_buildReadme_default = local.testCase_buildReadme_default || function (","            options,","            onError","        ) {","        /*","         * this function will test buildReadme's default handling-behavior-behavior","         */","            options = {};","            local.buildReadme(options, onError);","        };","","        local.testCase_buildTest_default = local.testCase_buildTest_default || function (","            options,","            onError","        ) {","        /*","         * this function will test buildTest's default handling-behavior","         */","            options = {};","            local.buildTest(options, onError);","        };","","        local.testCase_webpage_default = local.testCase_webpage_default || function (","            options,","            onError","        ) {","        /*","         * this function will test webpage's default handling-behavior","         */","            options = { modeCoverageMerge: true, url: local.serverLocalHost + '?modeTest=1' };","            local.browserTest(options, onError);","        };","","        // run test-server","        local.testRunServer(local);","        break;","    }","}());",""],"l":{"12":2,"14":2,"19":2,"21":2,"23":2,"24":2,"25":2,"30":1,"37":2,"40":2,"43":1,"47":1,"50":1,"52":1,"55":2,"61":2,"62":2,"64":2,"70":1,"76":1,"82":2,"83":2,"85":2,"91":1,"98":1,"102":1,"105":1,"112":1,"119":1,"120":1,"123":1,"130":1,"131":1,"132":1,"133":1,"134":1,"135":1,"138":1,"143":2,"144":2,"147":1,"154":2,"155":2,"158":1,"165":2,"166":2,"169":1,"176":2,"177":2,"180":1,"187":1,"188":1,"192":1,"193":1}},"/home/travis/build/npmtest/node-npmtest-swagger-client/lib.npmtest_swagger_client.js":{"path":"/home/travis/build/npmtest/node-npmtest-swagger-client/lib.npmtest_swagger_client.js","s":{"1":2,"2":2,"3":2,"4":2,"5":2,"6":2,"7":2,"8":1,"9":2,"10":2,"11":2,"12":2,"13":1,"14":1,"15":1,"16":1},"b":{"1":[2,1,1,1],"2":[1,1,1,1],"3":[1,1],"4":[2,2],"5":[1,1]},"f":{"1":2,"2":2,"3":2},"fnMap":{"1":{"name":"(anonymous_1)","line":12,"loc":{"start":{"line":12,"column":1},"end":{"line":12,"column":13}}},"2":{"name":"(anonymous_2)","line":19,"loc":{"start":{"line":19,"column":5},"end":{"line":19,"column":17}}},"3":{"name":"(anonymous_3)","line":23,"loc":{"start":{"line":23,"column":24},"end":{"line":23,"column":36}}}},"statementMap":{"1":{"start":{"line":12,"column":0},"end":{"line":53,"column":5}},"2":{"start":{"line":14,"column":4},"end":{"line":14,"column":14}},"3":{"start":{"line":19,"column":4},"end":{"line":52,"column":9}},"4":{"start":{"line":21,"column":8},"end":{"line":21,"column":19}},"5":{"start":{"line":23,"column":8},"end":{"line":35,"column":13}},"6":{"start":{"line":24,"column":12},"end":{"line":34,"column":13}},"7":{"start":{"line":25,"column":16},"end":{"line":28,"column":30}},"8":{"start":{"line":30,"column":16},"end":{"line":33,"column":27}},"9":{"start":{"line":37,"column":8},"end":{"line":39,"column":21}},"10":{"start":{"line":41,"column":8},"end":{"line":41,"column":54}},"11":{"start":{"line":43,"column":8},"end":{"line":43,"column":59}},"12":{"start":{"line":45,"column":8},"end":{"line":51,"column":9}},"13":{"start":{"line":46,"column":12},"end":{"line":46,"column":65}},"14":{"start":{"line":48,"column":12},"end":{"line":48,"column":35}},"15":{"start":{"line":49,"column":12},"end":{"line":49,"column":49}},"16":{"start":{"line":50,"column":12},"end":{"line":50,"column":43}}},"branchMap":{"1":{"line":25,"type":"binary-expr","locations":[{"start":{"line":25,"column":23},"end":{"line":25,"column":62}},{"start":{"line":26,"column":20},"end":{"line":26,"column":70}},{"start":{"line":27,"column":20},"end":{"line":27,"column":71}},{"start":{"line":28,"column":20},"end":{"line":28,"column":29}}]},"2":{"line":30,"type":"binary-expr","locations":[{"start":{"line":30,"column":23},"end":{"line":30,"column":37}},{"start":{"line":31,"column":20},"end":{"line":31,"column":61}},{"start":{"line":32,"column":20},"end":{"line":32,"column":70}},{"start":{"line":33,"column":20},"end":{"line":33,"column":26}}]},"3":{"line":37,"type":"cond-expr","locations":[{"start":{"line":38,"column":14},"end":{"line":38,"column":20}},{"start":{"line":39,"column":14},"end":{"line":39,"column":20}}]},"4":{"line":41,"type":"binary-expr","locations":[{"start":{"line":41,"column":16},"end":{"line":41,"column":44}},{"start":{"line":41,"column":48},"end":{"line":41,"column":53}}]},"5":{"line":45,"type":"if","locations":[{"start":{"line":45,"column":8},"end":{"line":45,"column":8}},{"start":{"line":45,"column":8},"end":{"line":45,"column":8}}]}},"code":["/* istanbul instrument in package npmtest_swagger_client */","/*jslint","    bitwise: true,","    browser: true,","    maxerr: 8,","    maxlen: 96,","    node: true,","    nomen: true,","    regexp: true,","    stupid: true","*/","(function () {","    'use strict';","    var local;","","","","    // run shared js-env code - init-before","    (function () {","        // init local","        local = {};","        // init modeJs","        local.modeJs = (function () {","            try {","                return typeof navigator.userAgent === 'string' &&","                    typeof document.querySelector('body') === 'object' &&","                    typeof XMLHttpRequest.prototype.open === 'function' &&","                    'browser';","            } catch (errorCaughtBrowser) {","                return module.exports &&","                    typeof process.versions.node === 'string' &&","                    typeof require('http').createServer === 'function' &&","                    'node';","            }","        }());","        // init global","        local.global = local.modeJs === 'browser'","            ? window","            : global;","        // init utility2_rollup","        local = local.global.utility2_rollup || local;","        // init lib","        local.local = local.npmtest_swagger_client = local;","        // init exports","        if (local.modeJs === 'browser') {","            local.global.utility2_npmtest_swagger_client = local;","        } else {","            module.exports = local;","            module.exports.__dirname = __dirname;","            module.exports.module = module;","        }","    }());","}());",""],"l":{"12":2,"14":2,"19":2,"21":2,"23":2,"24":2,"25":2,"30":1,"37":2,"41":2,"43":2,"45":2,"46":1,"48":1,"49":1,"50":1}},"/home/travis/build/npmtest/node-npmtest-swagger-client/example.js":{"path":"/home/travis/build/npmtest/node-npmtest-swagger-client/example.js","s":{"1":2,"2":2,"3":2,"4":2,"5":2,"6":2,"7":2,"8":1,"9":2,"10":2,"11":2,"12":2,"13":1,"14":2,"15":2,"16":2,"17":2,"18":2,"19":0,"20":2,"21":1,"22":1,"23":1,"24":1,"25":1,"26":0,"27":0,"28":1,"29":1,"30":2,"31":0,"32":0,"33":0,"34":1,"35":2,"36":2,"37":3,"38":3,"39":3,"40":3,"41":0,"42":3,"43":3,"44":3,"45":1,"46":3,"47":1,"48":1,"49":1,"50":1,"51":1,"52":1,"53":1,"54":1,"55":1,"56":1,"57":0,"58":1,"59":6,"60":6,"61":1,"62":2,"63":0,"64":2,"65":1,"66":1,"67":0,"68":0,"69":0,"70":0,"71":0,"72":0,"73":0,"74":0,"75":0,"76":0,"77":0,"78":0,"79":0,"80":0,"81":0,"82":0,"83":0},"b":{"1":[2,1,1,1],"2":[1,1,1,1],"3":[1,1],"4":[2,2],"5":[1,1],"6":[1,1],"7":[2,0],"8":[2,1,1,1,1,1],"9":[0,2,0],"10":[1,1],"11":[2,1,1],"12":[1,0],"13":[0,2],"14":[2,0,0,0,0,0,0],"15":[0,3],"16":[3,0],"17":[1,1],"18":[0,1],"19":[1,2,0,2],"20":[1,0],"21":[1,1],"22":[0,0],"23":[0,0],"24":[0,0],"25":[0,0],"26":[0,0],"27":[0,0],"28":[0,0]},"f":{"1":2,"2":2,"3":2,"4":2,"5":2,"6":2,"7":3,"8":3,"9":3,"10":1,"11":6,"12":0},"fnMap":{"1":{"name":"(anonymous_1)","line":26,"loc":{"start":{"line":26,"column":1},"end":{"line":26,"column":13}}},"2":{"name":"(anonymous_2)","line":33,"loc":{"start":{"line":33,"column":5},"end":{"line":33,"column":17}}},"3":{"name":"(anonymous_3)","line":37,"loc":{"start":{"line":37,"column":24},"end":{"line":37,"column":36}}},"4":{"name":"(anonymous_4)","line":69,"loc":{"start":{"line":69,"column":31},"end":{"line":69,"column":48}},"skip":true},"5":{"name":"(anonymous_5)","line":78,"loc":{"start":{"line":78,"column":26},"end":{"line":78,"column":45}},"skip":true},"6":{"name":"(anonymous_6)","line":123,"loc":{"start":{"line":123,"column":33},"end":{"line":123,"column":48}},"skip":true},"7":{"name":"(anonymous_7)","line":125,"loc":{"start":{"line":125,"column":27},"end":{"line":125,"column":39}},"skip":true},"8":{"name":"(anonymous_8)","line":133,"loc":{"start":{"line":133,"column":59},"end":{"line":133,"column":74}},"skip":true},"9":{"name":"(anonymous_9)","line":143,"loc":{"start":{"line":143,"column":45},"end":{"line":143,"column":62}},"skip":true},"10":{"name":"(anonymous_10)","line":144,"loc":{"start":{"line":144,"column":73},"end":{"line":144,"column":92}},"skip":true},"11":{"name":"(anonymous_11)","line":272,"loc":{"start":{"line":272,"column":51},"end":{"line":272,"column":77}},"skip":true},"12":{"name":"(anonymous_12)","line":315,"loc":{"start":{"line":315,"column":32},"end":{"line":315,"column":61}},"skip":true}},"statementMap":{"1":{"start":{"line":26,"column":0},"end":{"line":326,"column":5}},"2":{"start":{"line":28,"column":4},"end":{"line":28,"column":14}},"3":{"start":{"line":33,"column":4},"end":{"line":60,"column":9}},"4":{"start":{"line":35,"column":8},"end":{"line":35,"column":19}},"5":{"start":{"line":37,"column":8},"end":{"line":49,"column":13}},"6":{"start":{"line":38,"column":12},"end":{"line":48,"column":13}},"7":{"start":{"line":39,"column":16},"end":{"line":42,"column":30}},"8":{"start":{"line":44,"column":16},"end":{"line":47,"column":27}},"9":{"start":{"line":51,"column":8},"end":{"line":53,"column":21}},"10":{"start":{"line":55,"column":8},"end":{"line":57,"column":45}},"11":{"start":{"line":59,"column":8},"end":{"line":59,"column":35}},"12":{"start":{"line":61,"column":4},"end":{"line":325,"column":5}},"13":{"start":{"line":69,"column":8},"end":{"line":121,"column":10},"skip":true},"14":{"start":{"line":70,"column":12},"end":{"line":88,"column":13},"skip":true},"15":{"start":{"line":76,"column":16},"end":{"line":87,"column":19},"skip":true},"16":{"start":{"line":79,"column":20},"end":{"line":86,"column":21},"skip":true},"17":{"start":{"line":82,"column":24},"end":{"line":82,"column":43},"skip":true},"18":{"start":{"line":83,"column":24},"end":{"line":83,"column":30},"skip":true},"19":{"start":{"line":85,"column":24},"end":{"line":85,"column":49},"skip":true},"20":{"start":{"line":89,"column":12},"end":{"line":107,"column":13},"skip":true},"21":{"start":{"line":92,"column":16},"end":{"line":102,"column":17},"skip":true},"22":{"start":{"line":93,"column":20},"end":{"line":93,"column":86},"skip":true},"23":{"start":{"line":94,"column":20},"end":{"line":95,"column":45},"skip":true},"24":{"start":{"line":96,"column":20},"end":{"line":96,"column":42},"skip":true},"25":{"start":{"line":97,"column":20},"end":{"line":97,"column":48},"skip":true},"26":{"start":{"line":100,"column":20},"end":{"line":100,"column":85},"skip":true},"27":{"start":{"line":101,"column":20},"end":{"line":101,"column":96},"skip":true},"28":{"start":{"line":103,"column":16},"end":{"line":103,"column":22},"skip":true},"29":{"start":{"line":106,"column":16},"end":{"line":106,"column":22},"skip":true},"30":{"start":{"line":108,"column":12},"end":{"line":120,"column":13},"skip":true},"31":{"start":{"line":114,"column":16},"end":{"line":119,"column":17},"skip":true},"32":{"start":{"line":116,"column":20},"end":{"line":116,"column":78},"skip":true},"33":{"start":{"line":118,"column":20},"end":{"line":118,"column":47},"skip":true},"34":{"start":{"line":123,"column":8},"end":{"line":141,"column":11},"skip":true},"35":{"start":{"line":124,"column":12},"end":{"line":124,"column":54},"skip":true},"36":{"start":{"line":125,"column":12},"end":{"line":140,"column":14},"skip":true},"37":{"start":{"line":126,"column":16},"end":{"line":126,"column":28},"skip":true},"38":{"start":{"line":127,"column":16},"end":{"line":127,"column":69},"skip":true},"39":{"start":{"line":128,"column":16},"end":{"line":128,"column":75},"skip":true},"40":{"start":{"line":129,"column":16},"end":{"line":131,"column":17},"skip":true},"41":{"start":{"line":130,"column":20},"end":{"line":130,"column":27},"skip":true},"42":{"start":{"line":133,"column":16},"end":{"line":137,"column":36},"skip":true},"43":{"start":{"line":134,"column":20},"end":{"line":136,"column":55},"skip":true},"44":{"start":{"line":139,"column":16},"end":{"line":139,"column":57},"skip":true},"45":{"start":{"line":143,"column":8},"end":{"line":147,"column":11},"skip":true},"46":{"start":{"line":144,"column":12},"end":{"line":146,"column":15},"skip":true},"47":{"start":{"line":145,"column":16},"end":{"line":145,"column":70},"skip":true},"48":{"start":{"line":149,"column":8},"end":{"line":149,"column":31},"skip":true},"49":{"start":{"line":150,"column":8},"end":{"line":150,"column":14},"skip":true},"50":{"start":{"line":158,"column":8},"end":{"line":158,"column":31},"skip":true},"51":{"start":{"line":160,"column":8},"end":{"line":160,"column":33},"skip":true},"52":{"start":{"line":161,"column":8},"end":{"line":161,"column":37},"skip":true},"53":{"start":{"line":162,"column":8},"end":{"line":162,"column":35},"skip":true},"54":{"start":{"line":164,"column":8},"end":{"line":164,"column":50},"skip":true},"55":{"start":{"line":166,"column":8},"end":{"line":256,"column":2},"skip":true},"56":{"start":{"line":258,"column":8},"end":{"line":286,"column":9},"skip":true},"57":{"start":{"line":259,"column":12},"end":{"line":269,"column":14},"skip":true},"58":{"start":{"line":271,"column":12},"end":{"line":285,"column":19},"skip":true},"59":{"start":{"line":274,"column":20},"end":{"line":274,"column":35},"skip":true},"60":{"start":{"line":275,"column":20},"end":{"line":284,"column":21},"skip":true},"61":{"start":{"line":277,"column":24},"end":{"line":277,"column":64},"skip":true},"62":{"start":{"line":279,"column":24},"end":{"line":279,"column":40},"skip":true},"63":{"start":{"line":281,"column":24},"end":{"line":281,"column":40},"skip":true},"64":{"start":{"line":283,"column":24},"end":{"line":283,"column":39},"skip":true},"65":{"start":{"line":288,"column":8},"end":{"line":290,"column":9},"skip":true},"66":{"start":{"line":289,"column":12},"end":{"line":289,"column":18},"skip":true},"67":{"start":{"line":291,"column":8},"end":{"line":293,"column":54},"skip":true},"68":{"start":{"line":296,"column":8},"end":{"line":301,"column":37},"skip":true},"69":{"start":{"line":303,"column":8},"end":{"line":303,"column":82},"skip":true},"70":{"start":{"line":306,"column":8},"end":{"line":308,"column":9},"skip":true},"71":{"start":{"line":307,"column":12},"end":{"line":307,"column":82},"skip":true},"72":{"start":{"line":310,"column":8},"end":{"line":312,"column":9},"skip":true},"73":{"start":{"line":311,"column":12},"end":{"line":311,"column":18},"skip":true},"74":{"start":{"line":313,"column":8},"end":{"line":313,"column":54},"skip":true},"75":{"start":{"line":314,"column":8},"end":{"line":314,"column":69},"skip":true},"76":{"start":{"line":315,"column":8},"end":{"line":323,"column":36},"skip":true},"77":{"start":{"line":316,"column":12},"end":{"line":316,"column":61},"skip":true},"78":{"start":{"line":317,"column":12},"end":{"line":320,"column":13},"skip":true},"79":{"start":{"line":318,"column":16},"end":{"line":318,"column":75},"skip":true},"80":{"start":{"line":319,"column":16},"end":{"line":319,"column":23},"skip":true},"81":{"start":{"line":321,"column":12},"end":{"line":321,"column":38},"skip":true},"82":{"start":{"line":322,"column":12},"end":{"line":322,"column":27},"skip":true},"83":{"start":{"line":324,"column":8},"end":{"line":324,"column":14},"skip":true}},"branchMap":{"1":{"line":39,"type":"binary-expr","locations":[{"start":{"line":39,"column":23},"end":{"line":39,"column":62}},{"start":{"line":40,"column":20},"end":{"line":40,"column":70}},{"start":{"line":41,"column":20},"end":{"line":41,"column":71}},{"start":{"line":42,"column":20},"end":{"line":42,"column":29}}]},"2":{"line":44,"type":"binary-expr","locations":[{"start":{"line":44,"column":23},"end":{"line":44,"column":37}},{"start":{"line":45,"column":20},"end":{"line":45,"column":61}},{"start":{"line":46,"column":20},"end":{"line":46,"column":70}},{"start":{"line":47,"column":20},"end":{"line":47,"column":26}}]},"3":{"line":51,"type":"cond-expr","locations":[{"start":{"line":52,"column":14},"end":{"line":52,"column":20}},{"start":{"line":53,"column":14},"end":{"line":53,"column":20}}]},"4":{"line":55,"type":"binary-expr","locations":[{"start":{"line":55,"column":16},"end":{"line":55,"column":44}},{"start":{"line":55,"column":49},"end":{"line":57,"column":43}}]},"5":{"line":55,"type":"cond-expr","locations":[{"start":{"line":56,"column":14},"end":{"line":56,"column":58}},{"start":{"line":57,"column":14},"end":{"line":57,"column":43}}]},"6":{"line":61,"type":"switch","locations":[{"start":{"line":68,"column":4},"end":{"line":150,"column":14},"skip":true},{"start":{"line":156,"column":4},"end":{"line":324,"column":14},"skip":true}]},"7":{"line":70,"type":"if","locations":[{"start":{"line":70,"column":12},"end":{"line":70,"column":12},"skip":true},{"start":{"line":70,"column":12},"end":{"line":70,"column":12},"skip":true}]},"8":{"line":70,"type":"binary-expr","locations":[{"start":{"line":70,"column":16},"end":{"line":70,"column":22},"skip":true},{"start":{"line":70,"column":27},"end":{"line":70,"column":32},"skip":true},{"start":{"line":71,"column":20},"end":{"line":71,"column":39},"skip":true},{"start":{"line":72,"column":20},"end":{"line":72,"column":49},"skip":true},{"start":{"line":73,"column":20},"end":{"line":73,"column":58},"skip":true},{"start":{"line":74,"column":20},"end":{"line":74,"column":69},"skip":true}]},"9":{"line":79,"type":"switch","locations":[{"start":{"line":80,"column":20},"end":{"line":80,"column":33},"skip":true},{"start":{"line":81,"column":20},"end":{"line":83,"column":30},"skip":true},{"start":{"line":84,"column":20},"end":{"line":85,"column":49},"skip":true}]},"10":{"line":89,"type":"switch","locations":[{"start":{"line":90,"column":12},"end":{"line":103,"column":22},"skip":true},{"start":{"line":105,"column":12},"end":{"line":106,"column":22},"skip":true}]},"11":{"line":89,"type":"binary-expr","locations":[{"start":{"line":89,"column":20},"end":{"line":89,"column":25},"skip":true},{"start":{"line":89,"column":29},"end":{"line":89,"column":48},"skip":true},{"start":{"line":89,"column":52},"end":{"line":89,"column":74},"skip":true}]},"12":{"line":92,"type":"if","locations":[{"start":{"line":92,"column":16},"end":{"line":92,"column":16},"skip":true},{"start":{"line":92,"column":16},"end":{"line":92,"column":16},"skip":true}]},"13":{"line":108,"type":"if","locations":[{"start":{"line":108,"column":12},"end":{"line":108,"column":12},"skip":true},{"start":{"line":108,"column":12},"end":{"line":108,"column":12},"skip":true}]},"14":{"line":108,"type":"binary-expr","locations":[{"start":{"line":108,"column":16},"end":{"line":108,"column":61},"skip":true},{"start":{"line":108,"column":66},"end":{"line":108,"column":72},"skip":true},{"start":{"line":108,"column":77},"end":{"line":108,"column":82},"skip":true},{"start":{"line":109,"column":20},"end":{"line":109,"column":39},"skip":true},{"start":{"line":110,"column":20},"end":{"line":110,"column":49},"skip":true},{"start":{"line":111,"column":20},"end":{"line":111,"column":58},"skip":true},{"start":{"line":112,"column":20},"end":{"line":112,"column":68},"skip":true}]},"15":{"line":129,"type":"if","locations":[{"start":{"line":129,"column":16},"end":{"line":129,"column":16},"skip":true},{"start":{"line":129,"column":16},"end":{"line":129,"column":16},"skip":true}]},"16":{"line":134,"type":"cond-expr","locations":[{"start":{"line":135,"column":26},"end":{"line":135,"column":29},"skip":true},{"start":{"line":136,"column":26},"end":{"line":136,"column":54},"skip":true}]},"17":{"line":164,"type":"binary-expr","locations":[{"start":{"line":164,"column":27},"end":{"line":164,"column":43},"skip":true},{"start":{"line":164,"column":47},"end":{"line":164,"column":49},"skip":true}]},"18":{"line":258,"type":"if","locations":[{"start":{"line":258,"column":8},"end":{"line":258,"column":8},"skip":true},{"start":{"line":258,"column":8},"end":{"line":258,"column":8},"skip":true}]},"19":{"line":275,"type":"switch","locations":[{"start":{"line":276,"column":20},"end":{"line":277,"column":64},"skip":true},{"start":{"line":278,"column":20},"end":{"line":279,"column":40},"skip":true},{"start":{"line":280,"column":20},"end":{"line":281,"column":40},"skip":true},{"start":{"line":282,"column":20},"end":{"line":283,"column":39},"skip":true}]},"20":{"line":288,"type":"if","locations":[{"start":{"line":288,"column":8},"end":{"line":288,"column":8},"skip":true},{"start":{"line":288,"column":8},"end":{"line":288,"column":8},"skip":true}]},"21":{"line":288,"type":"binary-expr","locations":[{"start":{"line":288,"column":12},"end":{"line":288,"column":40},"skip":true},{"start":{"line":288,"column":44},"end":{"line":288,"column":67},"skip":true}]},"22":{"line":292,"type":"binary-expr","locations":[{"start":{"line":292,"column":12},"end":{"line":292,"column":50},"skip":true},{"start":{"line":293,"column":12},"end":{"line":293,"column":53},"skip":true}]},"23":{"line":297,"type":"binary-expr","locations":[{"start":{"line":297,"column":12},"end":{"line":297,"column":72},"skip":true},{"start":{"line":298,"column":12},"end":{"line":301,"column":36},"skip":true}]},"24":{"line":303,"type":"binary-expr","locations":[{"start":{"line":303,"column":43},"end":{"line":303,"column":75},"skip":true},{"start":{"line":303,"column":79},"end":{"line":303,"column":81},"skip":true}]},"25":{"line":306,"type":"if","locations":[{"start":{"line":306,"column":8},"end":{"line":306,"column":8},"skip":true},{"start":{"line":306,"column":8},"end":{"line":306,"column":8},"skip":true}]},"26":{"line":310,"type":"if","locations":[{"start":{"line":310,"column":8},"end":{"line":310,"column":8},"skip":true},{"start":{"line":310,"column":8},"end":{"line":310,"column":8},"skip":true}]},"27":{"line":313,"type":"binary-expr","locations":[{"start":{"line":313,"column":27},"end":{"line":313,"column":43},"skip":true},{"start":{"line":313,"column":47},"end":{"line":313,"column":53},"skip":true}]},"28":{"line":317,"type":"if","locations":[{"start":{"line":317,"column":12},"end":{"line":317,"column":12},"skip":true},{"start":{"line":317,"column":12},"end":{"line":317,"column":12},"skip":true}]}},"code":["/*","example.js","","quickstart example","","instruction","    1. save this script as example.js","    2. run the shell command:","        $ npm install npmtest-swagger-client && PORT=8081 node example.js","    3. play with the browser-demo on http://127.0.0.1:8081","*/","","","","/* istanbul instrument in package npmtest_swagger_client */","/*jslint","    bitwise: true,","    browser: true,","    maxerr: 8,","    maxlen: 96,","    node: true,","    nomen: true,","    regexp: true,","    stupid: true","*/","(function () {","    'use strict';","    var local;","","","","    // run shared js-env code - init-before","    (function () {","        // init local","        local = {};","        // init modeJs","        local.modeJs = (function () {","            try {","                return typeof navigator.userAgent === 'string' &&","                    typeof document.querySelector('body') === 'object' &&","                    typeof XMLHttpRequest.prototype.open === 'function' &&","                    'browser';","            } catch (errorCaughtBrowser) {","                return module.exports &&","                    typeof process.versions.node === 'string' &&","                    typeof require('http').createServer === 'function' &&","                    'node';","            }","        }());","        // init global","        local.global = local.modeJs === 'browser'","            ? window","            : global;","        // init utility2_rollup","        local = local.global.utility2_rollup || (local.modeJs === 'browser'","            ? local.global.utility2_npmtest_swagger_client","            : global.utility2_moduleExports);","        // export local","        local.global.local = local;","    }());","    switch (local.modeJs) {","","","","    // init-after","    // run browser js-env code - init-after","    /* istanbul ignore next */","    case 'browser':","        local.testRunBrowser = function (event) {","            if (!event || (event &&","                    event.currentTarget &&","                    event.currentTarget.className &&","                    event.currentTarget.className.includes &&","                    event.currentTarget.className.includes('onreset'))) {","                // reset output","                Array.from(","                    document.querySelectorAll('body > .resettable')","                ).forEach(function (element) {","                    switch (element.tagName) {","                    case 'INPUT':","                    case 'TEXTAREA':","                        element.value = '';","                        break;","                    default:","                        element.textContent = '';","                    }","                });","            }","            switch (event && event.currentTarget && event.currentTarget.id) {","            case 'testRunButton1':","                // show tests","                if (document.querySelector('#testReportDiv1').style.display === 'none') {","                    document.querySelector('#testReportDiv1').style.display = 'block';","                    document.querySelector('#testRunButton1').textContent =","                        'hide internal test';","                    local.modeTest = true;","                    local.testRunDefault(local);","                // hide tests","                } else {","                    document.querySelector('#testReportDiv1').style.display = 'none';","                    document.querySelector('#testRunButton1').textContent = 'run internal test';","                }","                break;","            // custom-case","            default:","                break;","            }","            if (document.querySelector('#inputTextareaEval1') && (!event || (event &&","                    event.currentTarget &&","                    event.currentTarget.className &&","                    event.currentTarget.className.includes &&","                    event.currentTarget.className.includes('oneval')))) {","                // try to eval input-code","                try {","                    /*jslint evil: true*/","                    eval(document.querySelector('#inputTextareaEval1').value);","                } catch (errorCaught) {","                    console.error(errorCaught);","                }","            }","        };","        // log stderr and stdout to #outputTextareaStdout1","        ['error', 'log'].forEach(function (key) {","            console[key + '_original'] = console[key];","            console[key] = function () {","                var element;","                console[key + '_original'].apply(console, arguments);","                element = document.querySelector('#outputTextareaStdout1');","                if (!element) {","                    return;","                }","                // append text to #outputTextareaStdout1","                element.value += Array.from(arguments).map(function (arg) {","                    return typeof arg === 'string'","                        ? arg","                        : JSON.stringify(arg, null, 4);","                }).join(' ') + '\\n';","                // scroll textarea to bottom","                element.scrollTop = element.scrollHeight;","            };","        });","        // init event-handling","        ['change', 'click', 'keyup'].forEach(function (event) {","            Array.from(document.querySelectorAll('.on' + event)).forEach(function (element) {","                element.addEventListener(event, local.testRunBrowser);","            });","        });","        // run tests","        local.testRunBrowser();","        break;","","","","    // run node js-env code - init-after","    /* istanbul ignore next */","    case 'node':","        // export local","        module.exports = local;","        // require modules","        local.fs = require('fs');","        local.http = require('http');","        local.url = require('url');","        // init assets","        local.assetsDict = local.assetsDict || {};","        /* jslint-ignore-begin */","        local.assetsDict['/assets.index.template.html'] = '\\","<!doctype html>\\n\\","<html lang=\"en\">\\n\\","<head>\\n\\","<meta charset=\"UTF-8\">\\n\\","<meta name=\"viewport\" content=\"width=device-width, initial-scale=1\">\\n\\","<title>{{env.npm_package_name}} (v{{env.npm_package_version}})</title>\\n\\","<style>\\n\\","/*csslint\\n\\","    box-sizing: false,\\n\\","    universal-selector: false\\n\\","*/\\n\\","* {\\n\\","    box-sizing: border-box;\\n\\","}\\n\\","body {\\n\\","    background: #dde;\\n\\","    font-family: Arial, Helvetica, sans-serif;\\n\\","    margin: 2rem;\\n\\","}\\n\\","body > * {\\n\\","    margin-bottom: 1rem;\\n\\","}\\n\\",".utility2FooterDiv {\\n\\","    margin-top: 20px;\\n\\","    text-align: center;\\n\\","}\\n\\","</style>\\n\\","<style>\\n\\","/*csslint\\n\\","*/\\n\\","textarea {\\n\\","    font-family: monospace;\\n\\","    height: 10rem;\\n\\","    width: 100%;\\n\\","}\\n\\","textarea[readonly] {\\n\\","    background: #ddd;\\n\\","}\\n\\","</style>\\n\\","</head>\\n\\","<body>\\n\\","<!-- utility2-comment\\n\\","<div id=\"ajaxProgressDiv1\" style=\"background: #d00; height: 2px; left: 0; margin: 0; padding: 0; position: fixed; top: 0; transition: background 0.5s, width 1.5s; width: 25%;\"></div>\\n\\","utility2-comment -->\\n\\","<h1>\\n\\","<!-- utility2-comment\\n\\","    <a\\n\\","        {{#if env.npm_package_homepage}}\\n\\","        href=\"{{env.npm_package_homepage}}\"\\n\\","        {{/if env.npm_package_homepage}}\\n\\","        target=\"_blank\"\\n\\","    >\\n\\","utility2-comment -->\\n\\","        {{env.npm_package_name}} (v{{env.npm_package_version}})\\n\\","<!-- utility2-comment\\n\\","    </a>\\n\\","utility2-comment -->\\n\\","</h1>\\n\\","<h3>{{env.npm_package_description}}</h3>\\n\\","<!-- utility2-comment\\n\\","<h4><a download href=\"assets.app.js\">download standalone app</a></h4>\\n\\","<button class=\"onclick onreset\" id=\"testRunButton1\">run internal test</button><br>\\n\\","<div id=\"testReportDiv1\" style=\"display: none;\"></div>\\n\\","utility2-comment -->\\n\\","\\n\\","\\n\\","\\n\\","<label>stderr and stdout</label>\\n\\","<textarea class=\"resettable\" id=\"outputTextareaStdout1\" readonly></textarea>\\n\\","<!-- utility2-comment\\n\\","{{#if isRollup}}\\n\\","<script src=\"assets.app.js\"></script>\\n\\","{{#unless isRollup}}\\n\\","utility2-comment -->\\n\\","<script src=\"assets.utility2.rollup.js\"></script>\\n\\","<script src=\"jsonp.utility2._stateInit?callback=window.utility2._stateInit\"></script>\\n\\","<script src=\"assets.npmtest_swagger_client.rollup.js\"></script>\\n\\","<script src=\"assets.example.js\"></script>\\n\\","<script src=\"assets.test.js\"></script>\\n\\","<!-- utility2-comment\\n\\","{{/if isRollup}}\\n\\","utility2-comment -->\\n\\","<div class=\"utility2FooterDiv\">\\n\\","    [ this app was created with\\n\\","    <a href=\"https://github.com/kaizhu256/node-utility2\" target=\"_blank\">utility2</a>\\n\\","    ]\\n\\","</div>\\n\\","</body>\\n\\","</html>\\n\\","';","        /* jslint-ignore-end */","        if (local.templateRender) {","            local.assetsDict['/'] = local.templateRender(","                local.assetsDict['/assets.index.template.html'],","                {","                    env: local.objectSetDefault(local.env, {","                        npm_package_description: 'the greatest app in the world!',","                        npm_package_name: 'my-app',","                        npm_package_nameAlias: 'my_app',","                        npm_package_version: '0.0.1'","                    })","                }","            );","        } else {","            local.assetsDict['/'] = local.assetsDict['/assets.index.template.html']","                .replace((/\\{\\{env\\.(\\w+?)\\}\\}/g), function (match0, match1) {","                    // jslint-hack","                    String(match0);","                    switch (match1) {","                    case 'npm_package_description':","                        return 'the greatest app in the world!';","                    case 'npm_package_name':","                        return 'my-app';","                    case 'npm_package_nameAlias':","                        return 'my_app';","                    case 'npm_package_version':","                        return '0.0.1';","                    }","                });","        }","        // run the cli","        if (local.global.utility2_rollup || module !== require.main) {","            break;","        }","        local.assetsDict['/assets.example.js'] =","            local.assetsDict['/assets.example.js'] ||","            local.fs.readFileSync(__filename, 'utf8');","        // bug-workaround - long $npm_package_buildCustomOrg","        /* jslint-ignore-begin */","        local.assetsDict['/assets.npmtest_swagger_client.rollup.js'] =","            local.assetsDict['/assets.npmtest_swagger_client.rollup.js'] ||","            local.fs.readFileSync(","                local.npmtest_swagger_client.__dirname + '/lib.npmtest_swagger_client.js',","                'utf8'","            ).replace((/^#!/), '//');","        /* jslint-ignore-end */","        local.assetsDict['/favicon.ico'] = local.assetsDict['/favicon.ico'] || '';","        // if $npm_config_timeout_exit exists,","        // then exit this process after $npm_config_timeout_exit ms","        if (Number(process.env.npm_config_timeout_exit)) {","            setTimeout(process.exit, Number(process.env.npm_config_timeout_exit));","        }","        // start server","        if (local.global.utility2_serverHttp1) {","            break;","        }","        process.env.PORT = process.env.PORT || '8081';","        console.error('server starting on port ' + process.env.PORT);","        local.http.createServer(function (request, response) {","            request.urlParsed = local.url.parse(request.url);","            if (local.assetsDict[request.urlParsed.pathname] !== undefined) {","                response.end(local.assetsDict[request.urlParsed.pathname]);","                return;","            }","            response.statusCode = 404;","            response.end();","        }).listen(process.env.PORT);","        break;","    }","}());",""],"l":{"26":2,"28":2,"33":2,"35":2,"37":2,"38":2,"39":2,"44":1,"51":2,"55":2,"59":2,"61":2,"69":1,"70":2,"76":2,"79":2,"82":2,"83":2,"85":1,"89":2,"92":1,"93":1,"94":1,"96":1,"97":1,"100":1,"101":1,"103":1,"106":1,"108":2,"114":1,"116":1,"118":1,"123":1,"124":2,"125":2,"126":3,"127":3,"128":3,"129":3,"130":1,"133":3,"134":3,"139":3,"143":1,"144":3,"145":1,"149":1,"150":1,"158":1,"160":1,"161":1,"162":1,"164":1,"166":1,"258":1,"259":1,"271":1,"274":6,"275":6,"277":1,"279":2,"281":1,"283":2,"288":1,"289":1,"291":1,"296":1,"303":1,"306":1,"307":1,"310":1,"311":1,"313":1,"314":1,"315":1,"316":1,"317":1,"318":1,"319":1,"321":1,"322":1,"324":1}},"/home/travis/build/npmtest/node-npmtest-swagger-client/node_modules/swagger-client/dist/index.js":{"path":"/home/travis/build/npmtest/node-npmtest-swagger-client/node_modules/swagger-client/dist/index.js","s":{"1":1,"2":1,"3":70,"4":30,"5":40,"6":40,"7":1,"8":1,"9":0,"10":0,"11":0,"12":0,"13":0,"14":0,"15":0,"16":1,"17":1,"18":1,"19":1,"20":5,"21":1,"22":0,"23":0,"24":1,"25":0,"26":1,"27":0,"28":0,"29":1,"30":0,"31":0,"32":0,"33":0,"34":0,"35":0,"36":0,"37":0,"38":0,"39":1,"40":0,"41":1,"42":0,"43":0,"44":0,"45":0,"46":0,"47":0,"48":0,"49":0,"50":0,"51":0,"52":0,"53":1,"54":0,"55":0,"56":0,"57":0,"58":0,"59":0,"60":0,"61":0,"62":0,"63":0,"64":0,"65":0,"66":0,"67":0,"68":0,"69":0,"70":0,"71":0,"72":0,"73":0,"74":0,"75":0,"76":0,"77":0,"78":0,"79":0,"80":0,"81":0,"82":0,"83":0,"84":0,"85":0,"86":0,"87":0,"88":0,"89":0,"90":0,"91":0,"92":0,"93":0,"94":0,"95":0,"96":0,"97":0,"98":1,"99":1,"100":1,"101":1,"102":0,"103":1,"104":7,"105":1,"106":0,"107":0,"108":0,"109":0,"110":1,"111":0,"112":1,"113":0,"114":0,"115":0,"116":0,"117":0,"118":0,"119":0,"120":0,"121":1,"122":0,"123":0,"124":0,"125":1,"126":0,"127":1,"128":0,"129":0,"130":1,"131":0,"132":0,"133":0,"134":0,"135":0,"136":1,"137":0,"138":0,"139":0,"140":0,"141":0,"142":0,"143":0,"144":0,"145":0,"146":0,"147":0,"148":0,"149":0,"150":0,"151":0,"152":0,"153":0,"154":0,"155":0,"156":0,"157":0,"158":0,"159":0,"160":0,"161":1,"162":0,"163":0,"164":0,"165":0,"166":1,"167":1,"168":1,"169":1,"170":1,"171":1,"172":1,"173":1,"174":7,"175":1,"176":0,"177":0,"178":0,"179":0,"180":0,"181":0,"182":0,"183":0,"184":0,"185":0,"186":1,"187":0,"188":0,"189":1,"190":0,"191":1,"192":0,"193":1,"194":0,"195":1,"196":0,"197":1,"198":0,"199":1,"200":0,"201":1,"202":0,"203":1,"204":0,"205":0,"206":0,"207":1,"208":0,"209":0,"210":0,"211":1,"212":0,"213":0,"214":1,"215":0,"216":0,"217":0,"218":1,"219":0,"220":0,"221":0,"222":0,"223":0,"224":0,"225":0,"226":0,"227":0,"228":0,"229":0,"230":0,"231":0,"232":0,"233":1,"234":0,"235":0,"236":0,"237":0,"238":0,"239":0,"240":1,"241":0,"242":0,"243":1,"244":0,"245":1,"246":0,"247":1,"248":0,"249":0,"250":0,"251":1,"252":0,"253":0,"254":1,"255":0,"256":1,"257":0,"258":1,"259":0,"260":1,"261":0,"262":1,"263":0,"264":0,"265":0,"266":0,"267":1,"268":0,"269":1,"270":0,"271":1,"272":0,"273":1,"274":0,"275":1,"276":0,"277":1,"278":1,"279":1,"280":1,"281":1,"282":1,"283":1,"284":1,"285":1,"286":1,"287":1,"288":6,"289":1,"290":0,"291":0,"292":0,"293":0,"294":0,"295":0,"296":0,"297":1,"298":1,"299":0,"300":0,"301":0,"302":0,"303":0,"304":0,"305":0,"306":0,"307":1,"308":8,"309":1,"310":0,"311":0,"312":1,"313":0,"314":0,"315":0,"316":0,"317":0,"318":0,"319":0,"320":0,"321":0,"322":0,"323":0,"324":0,"325":0,"326":1,"327":0,"328":0,"329":1,"330":0,"331":0,"332":1,"333":0,"334":0,"335":1,"336":0,"337":0,"338":1,"339":0,"340":0,"341":0,"342":0,"343":0,"344":0,"345":1,"346":0,"347":0,"348":0,"349":0,"350":0,"351":1,"352":0,"353":0,"354":0,"355":0,"356":0,"357":0,"358":0,"359":0,"360":0,"361":0,"362":0,"363":1,"364":1,"365":1,"366":1,"367":0,"368":0,"369":1,"370":2,"371":1,"372":0,"373":0,"374":0,"375":0,"376":0,"377":0,"378":1,"379":0,"380":0,"381":0,"382":0,"383":0,"384":0,"385":1,"386":0,"387":0,"388":1,"389":0,"390":0,"391":0,"392":0,"393":0,"394":0,"395":0,"396":1,"397":1,"398":1,"399":1,"400":0,"401":0,"402":1,"403":2,"404":1,"405":0,"406":0,"407":0,"408":1,"409":0,"410":1,"411":0,"412":0,"413":0,"414":0,"415":1,"416":1,"417":1,"418":13,"419":1,"420":0,"421":1,"422":1,"423":1,"424":1,"425":1,"426":0,"427":1,"428":0,"429":0,"430":0,"431":0,"432":0,"433":0,"434":0,"435":0,"436":0,"437":0,"438":0,"439":0,"440":0,"441":0,"442":0,"443":0,"444":0,"445":0,"446":0,"447":0,"448":0,"449":0,"450":0,"451":0,"452":0,"453":0,"454":0,"455":0,"456":0,"457":0,"458":0,"459":0,"460":0,"461":0,"462":0,"463":0,"464":0,"465":0,"466":0,"467":0,"468":0,"469":0,"470":0,"471":0,"472":0,"473":0,"474":0,"475":0,"476":0,"477":0,"478":0,"479":0,"480":0,"481":0,"482":0,"483":0,"484":0,"485":0,"486":0,"487":0,"488":0,"489":0,"490":0,"491":0,"492":0,"493":0,"494":0,"495":0,"496":0,"497":0,"498":0,"499":0,"500":0,"501":0,"502":0,"503":0,"504":0,"505":0,"506":0,"507":0,"508":0,"509":0,"510":0,"511":0,"512":0,"513":0,"514":0,"515":0,"516":0,"517":0,"518":0,"519":0,"520":0,"521":0,"522":0,"523":0,"524":0,"525":0,"526":0,"527":0,"528":0,"529":0,"530":0,"531":0,"532":0,"533":0,"534":0,"535":0,"536":0,"537":0,"538":0,"539":0,"540":0,"541":0,"542":0,"543":0,"544":0,"545":0,"546":0,"547":0,"548":0,"549":0,"550":0,"551":1,"552":0,"553":0,"554":0,"555":0,"556":0,"557":0,"558":0,"559":0,"560":0,"561":0,"562":0,"563":0,"564":0,"565":0,"566":0,"567":0,"568":0,"569":0,"570":0,"571":0,"572":0,"573":0,"574":0,"575":0,"576":0,"577":0,"578":0,"579":0,"580":0,"581":0,"582":0,"583":0,"584":0,"585":0,"586":0,"587":0,"588":1,"589":1,"590":0,"591":0,"592":0,"593":0,"594":0,"595":0,"596":0,"597":0,"598":0,"599":0,"600":0,"601":0,"602":0,"603":1,"604":4,"605":1,"606":0,"607":1,"608":0,"609":0,"610":0,"611":1,"612":1,"613":1,"614":0,"615":1,"616":0,"617":0,"618":0,"619":0,"620":0,"621":0,"622":0,"623":0,"624":0,"625":0,"626":0,"627":0,"628":0,"629":0,"630":0,"631":0,"632":0,"633":1,"634":1,"635":1,"636":0,"637":0,"638":0,"639":0,"640":1,"641":1,"642":1,"643":9,"644":1,"645":0,"646":0,"647":0,"648":0,"649":0,"650":1,"651":0,"652":1,"653":0,"654":1,"655":0,"656":0,"657":1,"658":0,"659":0,"660":1,"661":0,"662":0,"663":0,"664":1,"665":0,"666":0,"667":1,"668":0,"669":0,"670":0,"671":0,"672":0,"673":0,"674":0,"675":1,"676":0,"677":0,"678":0,"679":1,"680":0,"681":1,"682":0,"683":1,"684":0,"685":1,"686":0,"687":0,"688":0,"689":0,"690":1,"691":0,"692":0,"693":0,"694":0,"695":0,"696":0,"697":0,"698":0,"699":0,"700":0,"701":0,"702":1,"703":1,"704":0,"705":0,"706":0,"707":0,"708":0,"709":1,"710":1,"711":0,"712":0,"713":0,"714":0,"715":0,"716":0,"717":0,"718":0,"719":0,"720":0,"721":0,"722":0,"723":0,"724":0,"725":0,"726":1,"727":1,"728":0,"729":1,"730":1,"731":1,"732":1,"733":1,"734":1,"735":1,"736":1,"737":0,"738":1,"739":1,"740":1,"741":1,"742":1,"743":1,"744":1},"b":{"1":[30,40],"2":[0,0],"3":[0,0],"4":[0,0],"5":[4,1],"6":[5,5],"7":[0,0],"8":[0,0],"9":[0,0],"10":[0,0],"11":[0,0],"12":[0,0],"13":[0,0],"14":[0,0],"15":[0,0],"16":[0,0],"17":[0,0],"18":[0,0],"19":[0,0,0,0],"20":[0,0],"21":[0,0],"22":[0,0],"23":[0,0],"24":[0,0],"25":[0,0],"26":[0,0],"27":[0,0],"28":[0,0],"29":[0,0],"30":[0,0],"31":[0,0],"32":[0,0],"33":[0,0],"34":[0,0,0,0],"35":[0,0],"36":[0,0],"37":[0,0],"38":[0,0],"39":[0,0],"40":[0,0,0],"41":[0,0],"42":[0,0,0],"43":[0,0],"44":[3,4],"45":[7,7],"46":[0,0],"47":[0,0],"48":[0,0],"49":[0,0],"50":[0,0],"51":[0,0],"52":[0,0],"53":[0,0],"54":[0,0],"55":[0,0],"56":[0,0],"57":[0,0,0,0],"58":[0,0],"59":[0,0],"60":[0,0],"61":[0,0],"62":[0,0],"63":[0,0],"64":[0,0],"65":[0,0],"66":[0,0],"67":[0,0],"68":[0,0],"69":[0,0],"70":[0,0],"71":[0,0],"72":[0,0,0],"73":[0,0],"74":[0,0],"75":[0,0],"76":[0,0],"77":[0,0],"78":[0,0],"79":[0,0],"80":[0,0],"81":[0,0],"82":[0,0],"83":[0,0],"84":[0,0],"85":[0,0],"86":[0,0],"87":[0,0],"88":[0,0],"89":[0,0],"90":[0,0],"91":[0,0],"92":[0,0],"93":[0,0],"94":[0,0],"95":[0,0],"96":[0,0],"97":[0,0],"98":[0,0],"99":[0,0],"100":[5,2],"101":[7,7],"102":[0,0],"103":[0,0],"104":[0,0],"105":[0,0],"106":[0,0],"107":[0,0,0,0,0],"108":[0,0],"109":[0,0],"110":[0,0],"111":[0,0],"112":[0,0],"113":[0,0],"114":[0,0],"115":[0,0],"116":[0,0],"117":[0,0],"118":[0,0],"119":[0,0],"120":[0,0],"121":[0,0],"122":[0,0],"123":[0,0],"124":[0,0],"125":[0,0],"126":[0,0],"127":[0,0],"128":[0,0],"129":[0,0],"130":[0,0],"131":[0,0],"132":[0,0,0],"133":[0,0,0],"134":[0,0,0,0,0],"135":[0,0],"136":[0,0],"137":[0,0],"138":[3,3],"139":[6,6],"140":[0,0],"141":[0,0],"142":[0,0],"143":[0,0],"144":[0,0],"145":[0,0],"146":[0,0],"147":[0,0],"148":[0,0],"149":[0,0],"150":[4,4],"151":[8,8],"152":[0,0,0],"153":[0,0,0],"154":[0,0],"155":[0,0],"156":[0,0],"157":[0,0],"158":[0,0],"159":[0,0],"160":[0,0],"161":[0,0],"162":[0,0,0,0],"163":[0,0,0],"164":[0,0,0],"165":[0,0,0],"166":[0,0],"167":[0,0,0],"168":[0,0],"169":[0,0],"170":[0,0],"171":[0,0],"172":[0,0],"173":[0,0],"174":[0,0,0],"175":[0,0],"176":[0,0],"177":[0,0],"178":[0,0],"179":[0,0],"180":[0,0],"181":[0,0],"182":[0,0],"183":[0,0,0,0],"184":[0,0,0],"185":[0,0],"186":[0,0],"187":[0,0],"188":[0,0],"189":[0,0],"190":[0,0],"191":[0,0],"192":[0,0],"193":[0,0],"194":[0,0],"195":[0,0],"196":[0,0],"197":[0,0],"198":[0,0,0,0,0],"199":[0,0],"200":[0,0],"201":[0,0],"202":[0,0],"203":[0,0],"204":[0,0],"205":[0,0],"206":[0,0],"207":[0,0],"208":[0,0],"209":[0,0],"210":[0,0],"211":[0,0],"212":[0,0],"213":[1,1],"214":[2,2],"215":[0,0],"216":[0,0],"217":[0,0],"218":[0,0],"219":[0,0],"220":[0,0],"221":[0,0],"222":[0,0],"223":[0,0],"224":[0,0],"225":[0,0],"226":[0,0],"227":[0,0],"228":[0,0],"229":[0,0],"230":[0,0],"231":[2,0],"232":[2,2],"233":[0,0],"234":[0,0],"235":[0,0,0],"236":[0,0],"237":[0,0],"238":[12,1],"239":[13,13],"240":[0,0],"241":[0,0],"242":[0,0],"243":[0,0],"244":[0,0],"245":[0,0,0,0,0,0,0,0,0,0,0],"246":[0,0,0,0,0,0,0,0,0,0,0,0,0,0],"247":[0,0],"248":[0,0],"249":[0,0],"250":[0,0],"251":[0,0],"252":[0,0],"253":[0,0,0],"254":[0,0],"255":[0,0],"256":[0,0,0],"257":[0,0],"258":[0,0],"259":[0,0],"260":[0,0],"261":[0,0,0],"262":[0,0],"263":[0,0],"264":[0,0],"265":[0,0],"266":[0,0],"267":[0,0],"268":[0,0],"269":[0,0],"270":[0,0],"271":[0,0],"272":[0,0],"273":[0,0],"274":[0,0],"275":[0,0],"276":[0,0],"277":[0,0],"278":[0,0],"279":[0,0],"280":[0,0],"281":[0,0],"282":[0,0],"283":[0,0],"284":[0,0],"285":[0,0,0],"286":[0,0],"287":[0,0],"288":[0,0],"289":[0,0],"290":[0,0],"291":[0,0],"292":[4,0],"293":[4,4],"294":[0,0],"295":[0,0],"296":[0,0],"297":[0,0],"298":[0,0],"299":[0,0],"300":[0,0],"301":[0,0],"302":[0,0],"303":[0,0],"304":[0,0],"305":[0,0],"306":[0,0],"307":[0,0,0],"308":[0,0],"309":[0,0],"310":[7,2],"311":[9,9],"312":[0,0],"313":[0,0],"314":[0,0],"315":[0,0],"316":[0,0],"317":[0,0],"318":[0,0],"319":[0,0],"320":[0,0],"321":[0,0],"322":[0,0],"323":[0,0],"324":[0,0],"325":[0,0],"326":[0,0,0,0],"327":[0,0],"328":[0,0],"329":[0,0],"330":[0,0],"331":[0,0],"332":[0,0],"333":[0,0],"334":[0,0],"335":[0,0,0],"336":[0,0],"337":[0,0],"338":[0,0],"339":[0,0],"340":[0,0],"341":[0,0],"342":[0,0],"343":[0,0],"344":[0,0],"345":[0,0],"346":[0,0],"347":[0,0],"348":[0,0,0]},"f":{"1":1,"2":70,"3":0,"4":0,"5":0,"6":0,"7":0,"8":0,"9":1,"10":1,"11":1,"12":1,"13":5,"14":0,"15":0,"16":0,"17":0,"18":0,"19":0,"20":0,"21":0,"22":0,"23":0,"24":0,"25":0,"26":0,"27":1,"28":7,"29":0,"30":0,"31":0,"32":0,"33":0,"34":0,"35":0,"36":0,"37":0,"38":0,"39":0,"40":0,"41":0,"42":0,"43":0,"44":0,"45":0,"46":0,"47":0,"48":0,"49":0,"50":0,"51":0,"52":1,"53":1,"54":1,"55":1,"56":7,"57":0,"58":0,"59":0,"60":0,"61":0,"62":0,"63":0,"64":0,"65":0,"66":0,"67":0,"68":0,"69":0,"70":0,"71":0,"72":0,"73":0,"74":0,"75":0,"76":0,"77":0,"78":0,"79":0,"80":0,"81":0,"82":0,"83":0,"84":0,"85":0,"86":0,"87":0,"88":0,"89":0,"90":0,"91":0,"92":0,"93":0,"94":0,"95":0,"96":1,"97":1,"98":1,"99":1,"100":1,"101":1,"102":1,"103":1,"104":6,"105":0,"106":0,"107":0,"108":0,"109":0,"110":0,"111":1,"112":8,"113":0,"114":0,"115":0,"116":0,"117":0,"118":0,"119":0,"120":0,"121":0,"122":0,"123":0,"124":0,"125":0,"126":0,"127":0,"128":1,"129":2,"130":0,"131":0,"132":0,"133":0,"134":0,"135":0,"136":0,"137":0,"138":0,"139":0,"140":1,"141":2,"142":0,"143":0,"144":0,"145":0,"146":0,"147":1,"148":13,"149":0,"150":1,"151":0,"152":0,"153":0,"154":0,"155":0,"156":0,"157":0,"158":0,"159":0,"160":0,"161":0,"162":0,"163":0,"164":0,"165":0,"166":0,"167":0,"168":0,"169":0,"170":0,"171":0,"172":0,"173":0,"174":0,"175":0,"176":0,"177":0,"178":0,"179":0,"180":0,"181":0,"182":0,"183":0,"184":0,"185":0,"186":0,"187":0,"188":0,"189":0,"190":0,"191":0,"192":0,"193":0,"194":0,"195":0,"196":1,"197":0,"198":0,"199":1,"200":4,"201":0,"202":0,"203":0,"204":1,"205":0,"206":0,"207":0,"208":0,"209":0,"210":1,"211":1,"212":0,"213":1,"214":9,"215":0,"216":0,"217":0,"218":0,"219":0,"220":0,"221":0,"222":0,"223":0,"224":0,"225":0,"226":0,"227":0,"228":0,"229":0,"230":0,"231":0,"232":0,"233":0,"234":0,"235":0,"236":0,"237":0,"238":0,"239":0,"240":0,"241":0,"242":0,"243":1,"244":1,"245":1,"246":1,"247":1,"248":1,"249":1,"250":1,"251":0,"252":1,"253":1,"254":1,"255":1,"256":1,"257":1,"258":1},"fnMap":{"1":{"name":"(anonymous_1)","line":1,"loc":{"start":{"line":1,"column":15},"end":{"line":1,"column":26}}},"2":{"name":"t","line":1,"loc":{"start":{"line":1,"column":27},"end":{"line":1,"column":40}}},"3":{"name":"(anonymous_3)","line":1,"loc":{"start":{"line":1,"column":193},"end":{"line":1,"column":204}}},"4":{"name":"(anonymous_4)","line":1,"loc":{"start":{"line":1,"column":219},"end":{"line":1,"column":234}}},"5":{"name":"(anonymous_5)","line":1,"loc":{"start":{"line":1,"column":315},"end":{"line":1,"column":326}}},"6":{"name":"(anonymous_6)","line":1,"loc":{"start":{"line":1,"column":349},"end":{"line":1,"column":359}}},"7":{"name":"(anonymous_7)","line":1,"loc":{"start":{"line":1,"column":378},"end":{"line":1,"column":388}}},"8":{"name":"(anonymous_8)","line":1,"loc":{"start":{"line":1,"column":426},"end":{"line":1,"column":439}}},"9":{"name":"(anonymous_9)","line":1,"loc":{"start":{"line":1,"column":509},"end":{"line":1,"column":522}}},"10":{"name":"(anonymous_10)","line":1,"loc":{"start":{"line":1,"column":579},"end":{"line":1,"column":592}}},"11":{"name":"(anonymous_11)","line":1,"loc":{"start":{"line":1,"column":645},"end":{"line":1,"column":658}}},"12":{"name":"(anonymous_12)","line":1,"loc":{"start":{"line":1,"column":710},"end":{"line":1,"column":725}}},"13":{"name":"n","line":1,"loc":{"start":{"line":1,"column":739},"end":{"line":1,"column":752}}},"14":{"name":"a","line":1,"loc":{"start":{"line":1,"column":790},"end":{"line":1,"column":805}}},"15":{"name":"u","line":1,"loc":{"start":{"line":1,"column":912},"end":{"line":1,"column":927}}},"16":{"name":"i","line":1,"loc":{"start":{"line":1,"column":946},"end":{"line":1,"column":959}}},"17":{"name":"o","line":1,"loc":{"start":{"line":1,"column":1034},"end":{"line":1,"column":1049}}},"18":{"name":"(anonymous_18)","line":1,"loc":{"start":{"line":1,"column":1072},"end":{"line":1,"column":1083}}},"19":{"name":"s","line":1,"loc":{"start":{"line":1,"column":1315},"end":{"line":1,"column":1330}}},"20":{"name":"c","line":1,"loc":{"start":{"line":1,"column":1348},"end":{"line":1,"column":1365}}},"21":{"name":"l","line":1,"loc":{"start":{"line":1,"column":1726},"end":{"line":1,"column":1739}}},"22":{"name":"(anonymous_22)","line":1,"loc":{"start":{"line":1,"column":1972},"end":{"line":1,"column":1983}}},"23":{"name":"(anonymous_23)","line":1,"loc":{"start":{"line":1,"column":2012},"end":{"line":1,"column":2025}}},"24":{"name":"(anonymous_24)","line":1,"loc":{"start":{"line":1,"column":2445},"end":{"line":1,"column":2455}}},"25":{"name":"(anonymous_25)","line":1,"loc":{"start":{"line":1,"column":2480},"end":{"line":1,"column":2491}}},"26":{"name":"(anonymous_26)","line":1,"loc":{"start":{"line":1,"column":2980},"end":{"line":1,"column":2991}}},"27":{"name":"(anonymous_27)","line":1,"loc":{"start":{"line":1,"column":3038},"end":{"line":1,"column":3053}}},"28":{"name":"n","line":1,"loc":{"start":{"line":1,"column":3067},"end":{"line":1,"column":3080}}},"29":{"name":"a","line":1,"loc":{"start":{"line":1,"column":3118},"end":{"line":1,"column":3131}}},"30":{"name":"(anonymous_30)","line":1,"loc":{"start":{"line":1,"column":3551},"end":{"line":1,"column":3562}}},"31":{"name":"(anonymous_31)","line":1,"loc":{"start":{"line":1,"column":3597},"end":{"line":1,"column":3608}}},"32":{"name":"u","line":1,"loc":{"start":{"line":1,"column":3677},"end":{"line":1,"column":3690}}},"33":{"name":"i","line":1,"loc":{"start":{"line":1,"column":3759},"end":{"line":1,"column":3774}}},"34":{"name":"(anonymous_34)","line":1,"loc":{"start":{"line":1,"column":4035},"end":{"line":1,"column":4046}}},"35":{"name":"o","line":1,"loc":{"start":{"line":1,"column":4154},"end":{"line":1,"column":4166}}},"36":{"name":"(anonymous_36)","line":1,"loc":{"start":{"line":1,"column":4282},"end":{"line":1,"column":4295}}},"37":{"name":"s","line":1,"loc":{"start":{"line":1,"column":4376},"end":{"line":1,"column":4389}}},"38":{"name":"c","line":1,"loc":{"start":{"line":1,"column":4529},"end":{"line":1,"column":4542}}},"39":{"name":"l","line":1,"loc":{"start":{"line":1,"column":4846},"end":{"line":1,"column":4859}}},"40":{"name":"(anonymous_40)","line":1,"loc":{"start":{"line":1,"column":4890},"end":{"line":1,"column":4903}}},"41":{"name":"(anonymous_41)","line":1,"loc":{"start":{"line":1,"column":4941},"end":{"line":1,"column":4952}}},"42":{"name":"f","line":1,"loc":{"start":{"line":1,"column":5132},"end":{"line":1,"column":5144}}},"43":{"name":"(anonymous_43)","line":1,"loc":{"start":{"line":1,"column":5288},"end":{"line":1,"column":5299}}},"44":{"name":"(anonymous_44)","line":1,"loc":{"start":{"line":1,"column":5467},"end":{"line":1,"column":5478}}},"45":{"name":"(anonymous_45)","line":1,"loc":{"start":{"line":1,"column":5658},"end":{"line":1,"column":5669}}},"46":{"name":"(anonymous_46)","line":1,"loc":{"start":{"line":1,"column":5734},"end":{"line":1,"column":5744}}},"47":{"name":"(anonymous_47)","line":1,"loc":{"start":{"line":1,"column":5828},"end":{"line":1,"column":5839}}},"48":{"name":"p","line":1,"loc":{"start":{"line":1,"column":5922},"end":{"line":1,"column":5939}}},"49":{"name":"(anonymous_49)","line":1,"loc":{"start":{"line":1,"column":5952},"end":{"line":1,"column":5963}}},"50":{"name":"(anonymous_50)","line":1,"loc":{"start":{"line":1,"column":5979},"end":{"line":1,"column":5990}}},"51":{"name":"(anonymous_51)","line":1,"loc":{"start":{"line":1,"column":6001},"end":{"line":1,"column":6012}}},"52":{"name":"(anonymous_52)","line":1,"loc":{"start":{"line":1,"column":6420},"end":{"line":1,"column":6433}}},"53":{"name":"(anonymous_53)","line":1,"loc":{"start":{"line":1,"column":6492},"end":{"line":1,"column":6505}}},"54":{"name":"(anonymous_54)","line":1,"loc":{"start":{"line":1,"column":6542},"end":{"line":1,"column":6555}}},"55":{"name":"(anonymous_55)","line":1,"loc":{"start":{"line":1,"column":6582},"end":{"line":1,"column":6597}}},"56":{"name":"n","line":1,"loc":{"start":{"line":1,"column":6611},"end":{"line":1,"column":6624}}},"57":{"name":"a","line":1,"loc":{"start":{"line":1,"column":6662},"end":{"line":1,"column":6679}}},"58":{"name":"u","line":1,"loc":{"start":{"line":1,"column":7103},"end":{"line":1,"column":7116}}},"59":{"name":"(anonymous_59)","line":1,"loc":{"start":{"line":1,"column":7165},"end":{"line":1,"column":7176}}},"60":{"name":"i","line":1,"loc":{"start":{"line":1,"column":7243},"end":{"line":1,"column":7258}}},"61":{"name":"o","line":1,"loc":{"start":{"line":1,"column":7291},"end":{"line":1,"column":7304}}},"62":{"name":"s","line":1,"loc":{"start":{"line":1,"column":7330},"end":{"line":1,"column":7347}}},"63":{"name":"c","line":1,"loc":{"start":{"line":1,"column":7391},"end":{"line":1,"column":7406}}},"64":{"name":"l","line":1,"loc":{"start":{"line":1,"column":7434},"end":{"line":1,"column":7449}}},"65":{"name":"f","line":1,"loc":{"start":{"line":1,"column":7500},"end":{"line":1,"column":7515}}},"66":{"name":"p","line":1,"loc":{"start":{"line":1,"column":7570},"end":{"line":1,"column":7585}}},"67":{"name":"d","line":1,"loc":{"start":{"line":1,"column":7624},"end":{"line":1,"column":7639}}},"68":{"name":"h","line":1,"loc":{"start":{"line":1,"column":7679},"end":{"line":1,"column":7694}}},"69":{"name":"v","line":1,"loc":{"start":{"line":1,"column":7734},"end":{"line":1,"column":7751}}},"70":{"name":"(anonymous_70)","line":1,"loc":{"start":{"line":1,"column":7779},"end":{"line":1,"column":7790}}},"71":{"name":"m","line":1,"loc":{"start":{"line":1,"column":7826},"end":{"line":1,"column":7843}}},"72":{"name":"(anonymous_72)","line":1,"loc":{"start":{"line":1,"column":7882},"end":{"line":1,"column":7895}}},"73":{"name":"(anonymous_73)","line":1,"loc":{"start":{"line":1,"column":7950},"end":{"line":1,"column":7961}}},"74":{"name":"y","line":1,"loc":{"start":{"line":1,"column":8014},"end":{"line":1,"column":8031}}},"75":{"name":"(anonymous_75)","line":1,"loc":{"start":{"line":1,"column":8143},"end":{"line":1,"column":8156}}},"76":{"name":"(anonymous_76)","line":1,"loc":{"start":{"line":1,"column":8245},"end":{"line":1,"column":8256}}},"77":{"name":"g","line":1,"loc":{"start":{"line":1,"column":8321},"end":{"line":1,"column":8336}}},"78":{"name":"b","line":1,"loc":{"start":{"line":1,"column":8431},"end":{"line":1,"column":8446}}},"79":{"name":"(anonymous_79)","line":1,"loc":{"start":{"line":1,"column":8463},"end":{"line":1,"column":8476}}},"80":{"name":"x","line":1,"loc":{"start":{"line":1,"column":8509},"end":{"line":1,"column":8522}}},"81":{"name":"P","line":1,"loc":{"start":{"line":1,"column":8541},"end":{"line":1,"column":8554}}},"82":{"name":"k","line":1,"loc":{"start":{"line":1,"column":8585},"end":{"line":1,"column":8598}}},"83":{"name":"(anonymous_83)","line":1,"loc":{"start":{"line":1,"column":8653},"end":{"line":1,"column":8664}}},"84":{"name":"w","line":1,"loc":{"start":{"line":1,"column":8700},"end":{"line":1,"column":8713}}},"85":{"name":"(anonymous_85)","line":1,"loc":{"start":{"line":1,"column":8730},"end":{"line":1,"column":8741}}},"86":{"name":"A","line":1,"loc":{"start":{"line":1,"column":8762},"end":{"line":1,"column":8775}}},"87":{"name":"q","line":1,"loc":{"start":{"line":1,"column":8839},"end":{"line":1,"column":8852}}},"88":{"name":"O","line":1,"loc":{"start":{"line":1,"column":8876},"end":{"line":1,"column":8889}}},"89":{"name":"_","line":1,"loc":{"start":{"line":1,"column":8921},"end":{"line":1,"column":8934}}},"90":{"name":"E","line":1,"loc":{"start":{"line":1,"column":8961},"end":{"line":1,"column":8974}}},"91":{"name":"M","line":1,"loc":{"start":{"line":1,"column":9049},"end":{"line":1,"column":9062}}},"92":{"name":"j","line":1,"loc":{"start":{"line":1,"column":9103},"end":{"line":1,"column":9116}}},"93":{"name":"C","line":1,"loc":{"start":{"line":1,"column":9156},"end":{"line":1,"column":9169}}},"94":{"name":"I","line":1,"loc":{"start":{"line":1,"column":9252},"end":{"line":1,"column":9265}}},"95":{"name":"R","line":1,"loc":{"start":{"line":1,"column":9298},"end":{"line":1,"column":9311}}},"96":{"name":"(anonymous_96)","line":1,"loc":{"start":{"line":1,"column":9856},"end":{"line":1,"column":9869}}},"97":{"name":"(anonymous_97)","line":1,"loc":{"start":{"line":1,"column":9927},"end":{"line":1,"column":9940}}},"98":{"name":"(anonymous_98)","line":1,"loc":{"start":{"line":1,"column":9993},"end":{"line":1,"column":10006}}},"99":{"name":"(anonymous_99)","line":1,"loc":{"start":{"line":1,"column":10066},"end":{"line":1,"column":10079}}},"100":{"name":"(anonymous_100)","line":1,"loc":{"start":{"line":1,"column":10136},"end":{"line":1,"column":10149}}},"101":{"name":"(anonymous_101)","line":1,"loc":{"start":{"line":1,"column":10208},"end":{"line":1,"column":10221}}},"102":{"name":"(anonymous_102)","line":1,"loc":{"start":{"line":1,"column":10270},"end":{"line":1,"column":10283}}},"103":{"name":"(anonymous_103)","line":1,"loc":{"start":{"line":1,"column":10323},"end":{"line":1,"column":10338}}},"104":{"name":"n","line":1,"loc":{"start":{"line":1,"column":10352},"end":{"line":1,"column":10365}}},"105":{"name":"a","line":1,"loc":{"start":{"line":1,"column":10403},"end":{"line":1,"column":10416}}},"106":{"name":"(anonymous_106)","line":1,"loc":{"start":{"line":1,"column":10607},"end":{"line":1,"column":10617}}},"107":{"name":"(anonymous_107)","line":1,"loc":{"start":{"line":1,"column":11178},"end":{"line":1,"column":11189}}},"108":{"name":"(anonymous_108)","line":1,"loc":{"start":{"line":1,"column":11342},"end":{"line":1,"column":11352}}},"109":{"name":"(anonymous_109)","line":1,"loc":{"start":{"line":1,"column":11456},"end":{"line":1,"column":11467}}},"110":{"name":"(anonymous_110)","line":1,"loc":{"start":{"line":1,"column":11561},"end":{"line":1,"column":11571}}},"111":{"name":"(anonymous_111)","line":1,"loc":{"start":{"line":1,"column":11760},"end":{"line":1,"column":11775}}},"112":{"name":"n","line":1,"loc":{"start":{"line":1,"column":11789},"end":{"line":1,"column":11802}}},"113":{"name":"a","line":1,"loc":{"start":{"line":1,"column":11840},"end":{"line":1,"column":11853}}},"114":{"name":"u","line":1,"loc":{"start":{"line":1,"column":12207},"end":{"line":1,"column":12220}}},"115":{"name":"(anonymous_115)","line":1,"loc":{"start":{"line":1,"column":12808},"end":{"line":1,"column":12819}}},"116":{"name":"(anonymous_116)","line":1,"loc":{"start":{"line":1,"column":13408},"end":{"line":1,"column":13419}}},"117":{"name":"(anonymous_117)","line":1,"loc":{"start":{"line":1,"column":13519},"end":{"line":1,"column":13530}}},"118":{"name":"i","line":1,"loc":{"start":{"line":1,"column":13632},"end":{"line":1,"column":13645}}},"119":{"name":"o","line":1,"loc":{"start":{"line":1,"column":13677},"end":{"line":1,"column":13690}}},"120":{"name":"s","line":1,"loc":{"start":{"line":1,"column":13866},"end":{"line":1,"column":13879}}},"121":{"name":"c","line":1,"loc":{"start":{"line":1,"column":13974},"end":{"line":1,"column":13987}}},"122":{"name":"l","line":1,"loc":{"start":{"line":1,"column":14082},"end":{"line":1,"column":14095}}},"123":{"name":"f","line":1,"loc":{"start":{"line":1,"column":14316},"end":{"line":1,"column":14329}}},"124":{"name":"p","line":1,"loc":{"start":{"line":1,"column":14601},"end":{"line":1,"column":14614}}},"125":{"name":"(anonymous_125)","line":1,"loc":{"start":{"line":1,"column":15007},"end":{"line":1,"column":15020}}},"126":{"name":"(anonymous_126)","line":1,"loc":{"start":{"line":1,"column":15810},"end":{"line":1,"column":15821}}},"127":{"name":"(anonymous_127)","line":1,"loc":{"start":{"line":1,"column":15947},"end":{"line":1,"column":15958}}},"128":{"name":"(anonymous_128)","line":1,"loc":{"start":{"line":1,"column":15995},"end":{"line":1,"column":16010}}},"129":{"name":"n","line":1,"loc":{"start":{"line":1,"column":16024},"end":{"line":1,"column":16037}}},"130":{"name":"a","line":1,"loc":{"start":{"line":1,"column":16075},"end":{"line":1,"column":16087}}},"131":{"name":"(anonymous_131)","line":1,"loc":{"start":{"line":1,"column":16159},"end":{"line":1,"column":16170}}},"132":{"name":"(anonymous_132)","line":1,"loc":{"start":{"line":1,"column":16206},"end":{"line":1,"column":16217}}},"133":{"name":"u","line":1,"loc":{"start":{"line":1,"column":16428},"end":{"line":1,"column":16440}}},"134":{"name":"i","line":1,"loc":{"start":{"line":1,"column":16677},"end":{"line":1,"column":16689}}},"135":{"name":"o","line":1,"loc":{"start":{"line":1,"column":16825},"end":{"line":1,"column":16838}}},"136":{"name":"(anonymous_136)","line":1,"loc":{"start":{"line":1,"column":16954},"end":{"line":1,"column":16965}}},"137":{"name":"(anonymous_137)","line":1,"loc":{"start":{"line":1,"column":17039},"end":{"line":1,"column":17050}}},"138":{"name":"(anonymous_138)","line":1,"loc":{"start":{"line":1,"column":17436},"end":{"line":1,"column":17446}}},"139":{"name":"(anonymous_139)","line":1,"loc":{"start":{"line":1,"column":17462},"end":{"line":1,"column":17473}}},"140":{"name":"(anonymous_140)","line":1,"loc":{"start":{"line":1,"column":17550},"end":{"line":1,"column":17565}}},"141":{"name":"n","line":1,"loc":{"start":{"line":1,"column":17579},"end":{"line":1,"column":17592}}},"142":{"name":"a","line":1,"loc":{"start":{"line":1,"column":17630},"end":{"line":1,"column":17643}}},"143":{"name":"(anonymous_143)","line":1,"loc":{"start":{"line":1,"column":17651},"end":{"line":1,"column":17662}}},"144":{"name":"(anonymous_144)","line":1,"loc":{"start":{"line":1,"column":17734},"end":{"line":1,"column":17745}}},"145":{"name":"u","line":1,"loc":{"start":{"line":1,"column":17763},"end":{"line":1,"column":17775}}},"146":{"name":"i","line":1,"loc":{"start":{"line":1,"column":17804},"end":{"line":1,"column":17817}}},"147":{"name":"(anonymous_147)","line":1,"loc":{"start":{"line":1,"column":18313},"end":{"line":1,"column":18328}}},"148":{"name":"n","line":1,"loc":{"start":{"line":1,"column":18342},"end":{"line":1,"column":18355}}},"149":{"name":"a","line":1,"loc":{"start":{"line":1,"column":18393},"end":{"line":1,"column":18406}}},"150":{"name":"(anonymous_150)","line":1,"loc":{"start":{"line":1,"column":18723},"end":{"line":1,"column":18733}}},"151":{"name":"e","line":1,"loc":{"start":{"line":1,"column":18734},"end":{"line":1,"column":18747}}},"152":{"name":"(anonymous_152)","line":1,"loc":{"start":{"line":1,"column":19451},"end":{"line":1,"column":19462}}},"153":{"name":"(anonymous_153)","line":1,"loc":{"start":{"line":1,"column":19618},"end":{"line":1,"column":19629}}},"154":{"name":"(anonymous_154)","line":1,"loc":{"start":{"line":1,"column":19819},"end":{"line":1,"column":19832}}},"155":{"name":"(anonymous_155)","line":1,"loc":{"start":{"line":1,"column":19960},"end":{"line":1,"column":19971}}},"156":{"name":"t","line":1,"loc":{"start":{"line":1,"column":19994},"end":{"line":1,"column":20009}}},"157":{"name":"(anonymous_157)","line":1,"loc":{"start":{"line":1,"column":20052},"end":{"line":1,"column":20063}}},"158":{"name":"t","line":1,"loc":{"start":{"line":1,"column":20102},"end":{"line":1,"column":20119}}},"159":{"name":"(anonymous_159)","line":1,"loc":{"start":{"line":1,"column":20164},"end":{"line":1,"column":20175}}},"160":{"name":"(anonymous_160)","line":1,"loc":{"start":{"line":1,"column":21695},"end":{"line":1,"column":21705}}},"161":{"name":"(anonymous_161)","line":1,"loc":{"start":{"line":1,"column":21749},"end":{"line":1,"column":21760}}},"162":{"name":"(anonymous_162)","line":1,"loc":{"start":{"line":1,"column":21839},"end":{"line":1,"column":21849}}},"163":{"name":"(anonymous_163)","line":1,"loc":{"start":{"line":1,"column":21930},"end":{"line":1,"column":21941}}},"164":{"name":"(anonymous_164)","line":1,"loc":{"start":{"line":1,"column":21992},"end":{"line":1,"column":22003}}},"165":{"name":"(anonymous_165)","line":1,"loc":{
[...]
,credentials:\"same-origin\",headers:{}};if(c&&(h.requestInterceptor=c),l&&(h.responseInterceptor=l),!r)return h;var v=(0,E.getOperationRaw)(t,r),m=v.operation,y=void 0===m?{}:m,g=v.method,b=v.pathName;return h.url+=b,h.method=(\"\"+g).toUpperCase(),n=n||{},i&&(h.headers.accept=i),M(y.parameters).concat(M(t.paths[b].parameters)).forEach(function(e){var r=o[e.in],a=void 0;if(\"body\"===e.in&&e.schema&&e.schema.properties&&(a=n),a=e&&e.name&&n[e.name],void 0!==e.default&&void 0===a&&(a=e.default),void 0===a&&e.required&&!e.allowEmptyValue)throw new Error(\"Required parameter \"+e.name+\" is not provided\");r&&r({req:h,parameter:e,value:a,operation:y,spec:t})}),h=p({request:h,securities:a,operation:y,spec:t}),(0,O.mergeInQueryOrForm)(h),(h.body||h.form)&&(u?h.headers[\"content-type\"]=u:Array.isArray(y.consumes)?h.headers[\"content-type\"]=y.consumes[0]:Array.isArray(t.consumes)?h.headers[\"content-type\"]=t.consumes[0]:y.parameters.filter(function(e){return\"file\"===e.type}).length?h.headers[\"content-type\"]=\"multipart/form-data\":y.parameters.filter(function(e){return\"formData\"===e.in}).length&&(h.headers[\"content-type\"]=\"application/x-www-form-urlencoded\")),h}function i(e){var t=e.req,r=e.value;t.body=r}function o(e){var t=e.req,r=e.value,n=e.parameter;t.form=t.form||{},(r||n.allowEmptyValue)&&(t.form[n.name]={value:r,allowEmptyValue:n.allowEmptyValue,collectionFormat:n.collectionFormat})}function s(e){var t=e.req,r=e.parameter,n=e.value;t.headers=t.headers||{},void 0!==n&&(t.headers[r.name]=n)}function c(e){var t=e.req,r=e.value,n=e.parameter;t.url=t.url.replace(\"{\"+n.name+\"}\",encodeURIComponent(r))}function l(e){var t=e.req,r=e.value,n=e.parameter;if(t.query=t.query||{},r)t.query[n.name]={collectionFormat:n.collectionFormat,value:r};else if(n.allowEmptyValue){var a=n.name;t.query[a]=t.query[a]||{},t.query[a].allowEmptyValue=!0}}function f(e){var t=e.spec,r=e.scheme,n=e.contextUrl,a=void 0===n?\"\":n,u=q.default.parse(a),i=Array.isArray(t.schemes)?t.schemes[0]:null,o=r||i||I(u.protocol)||\"http\",s=t.host||u.host||\"\",c=t.basePath||\"\";if(o&&s){var l=o+\"://\"+(s+c);return\"/\"===l[l.length-1]?l.slice(0,-1):l}return\"\"}function p(e){var t=e.request,r=e.securities,n=void 0===r?{}:r,a=e.operation,u=void 0===a?{}:a,i=e.spec,o=(0,x.default)({},t),s=n.authorized,c=void 0===s?{}:s,l=n.specSecurity,f=void 0===l?{}:l,p=u.security||f,d=c&&!!(0,h.default)(c).length,v=i.securityDefinitions;return o.headers=o.headers||{},o.query=o.query||{},(0,h.default)(n).length&&d&&p&&(!Array.isArray(u.security)||u.security.length)?(p.forEach(function(e,t){for(var r in e){var n=c[r];if(n){var a=n.token,u=n.value||n,i=v[r],s=i.type,l=a&&a.access_token,f=a&&a.token_type;if(n)if(\"apiKey\"===s){var p=\"query\"===i.in?\"query\":\"headers\";o[p]=o[p]||{},o[p][i.name]=u}else\"basic\"===s?u.header?o.headers.authorization=u.header:(u.base64=(0,w.default)(u.username+\":\"+u.password),o.headers.authorization=\"Basic \"+u.base64):\"oauth2\"===s&&(o.headers.authorization=(f||\"Bearer\")+\" \"+l)}}}),o):t}Object.defineProperty(t,\"__esModule\",{value:!0}),t.PARAMETER_BUILDERS=t.self=void 0;var d=r(0),h=n(d),v=r(1),m=n(v),y=r(28),g=n(y);t.execute=a,t.buildRequest=u,t.bodyBuilder=i,t.formDataBuilder=o,t.headerBuilder=s,t.pathBuilder=c,t.queryBuilder=l,t.baseUrl=f,t.applySecurities=p;var b=r(6),x=n(b),P=r(36),k=(n(P),r(30)),w=n(k),A=r(7),q=n(A),O=r(4),_=n(O),E=r(3),M=function(e){return Array.isArray(e)?e:[]},j=t.self={buildRequest:u},C=t.PARAMETER_BUILDERS={body:i,header:s,query:l,path:c,formData:o},I=function(e){return e?e.replace(/\\W/g,\"\"):null}},function(e,t,r){\"use strict\";function n(e){return e&&e.__esModule?e:{default:e}}function a(){var e=arguments.length>0&&void 0!==arguments[0]?arguments[0]:{};return function(t){var r=t.pathName,n=t.method;return function(t){var a=arguments.length>1&&void 0!==arguments[1]?arguments[1]:{};return e.execute((0,c.default)({spec:e.spec},(0,f.default)(e,\"requestInterceptor\",\"responseInterceptor\"),{pathName:r,method:n,parameters:t},a))}}}function u(){var e=arguments.length>0&&void 0!==arguments[0]?arguments[0]:{},t=v.makeExecute(e),r=v.mapTagOperations({spec:e.spec,cb:t}),n={};for(var a in r){n[a]={operations:{}};for(var u in r[a])n[a].operations[u]={execute:r[a][u]}}return{apis:n}}function i(){var e=arguments.length>0&&void 0!==arguments[0]?arguments[0]:{},t=v.makeExecute(e);return{apis:v.mapTagOperations({spec:e.spec,cb:t})}}function o(e){var t=e.spec,r=e.cb,n=void 0===r?d:r,a=e.defaultTag,u=void 0===a?\"default\":a,i={},o={};return(0,p.eachOperation)(t,function(e){var r=e.pathName,a=e.method,s=e.operation;(s.tags?h(s.tags):[u]).forEach(function(e){if(\"string\"==typeof e){var u=o[e]=o[e]||{},c=(0,p.opId)(s,r,a),l=n({spec:t,pathName:r,method:a,operation:s});void 0!==u[c]?(i[c]=(i[c]||0)+1,u[c+\"_\"+i[c]]=l):u[c]=l}})}),o}Object.defineProperty(t,\"__esModule\",{value:!0}),t.self=void 0;var s=r(1),c=n(s);t.makeExecute=a,t.makeApisTagOperationsOperationExecute=u,t.makeApisTagOperation=i,t.mapTagOperations=o;var l=r(38),f=n(l),p=r(3),d=function(){return null},h=function(e){return Array.isArray(e)?e:[e]},v=t.self={mapTagOperations:o,makeExecute:a}},function(e,t,r){\"use strict\";function n(e){return e&&e.__esModule?e:{default:e}}function a(e){return function(t){return e({url:t,loadSpec:!0,headers:{Accept:\"application/json\"}}).then(function(e){return e.body})}}function u(){c.plugins.refs.clearCache()}function i(e){var t=e.http,r=e.fetch,n=e.spec,u=e.url,i=e.baseDoc,o=e.mode,p=e.allowMetaPatches,d=void 0===p||p;i=i||u,t=r||t||s.default,n?c.plugins.refs.docCache[i]=n:n={$ref:i},c.plugins.refs.fetchJSON=a(t);var h=[c.plugins.refs];return\"strict\"!==o&&h.push(c.plugins.allOf),(0,l.default)({spec:n,context:{baseDoc:i},plugins:h,allowMetaPatches:d}).then(f.normalizeSwagger)}Object.defineProperty(t,\"__esModule\",{value:!0}),t.makeFetchJSON=a,t.clearCache=u,t.default=i;var o=r(4),s=n(o),c=r(20),l=n(c),f=r(3)},function(e,t,r){\"use strict\";function n(e){return e&&e.__esModule?e:{default:e}}function a(e){return new C(e).dispatch()}Object.defineProperty(t,\"__esModule\",{value:!0}),t.plugins=t.SpecMap=void 0;var u=r(25),i=n(u),o=r(10),s=n(o),c=r(14),l=n(c),f=r(0),p=n(f),d=r(9),h=n(d),v=r(26),m=n(v),y=r(5),g=n(y),b=r(11),x=n(b),P=r(12),k=n(P);t.default=a;var w=r(8),A=n(w),q=r(24),O=n(q),_=r(21),E=n(_),M=r(22),j=n(M),C=function(){function e(t){(0,x.default)(this,e),(0,g.default)(this,{spec:\"\",debugLevel:\"info\",plugins:[],pluginHistory:{},errors:[],mutations:[],promisedPatches:[],state:{},patches:[],context:{},contextTree:new j.default,showDebug:!1,allPatches:[],pluginProp:\"specMap\",libMethods:(0,g.default)((0,m.default)(this),A.default),allowMetaPatches:!1},t),this.get=this._get.bind(this),this.getContext=this._getContext.bind(this),this.hasRun=this._hasRun.bind(this),this.wrappedPlugins=this.plugins.map(this.wrapPlugin.bind(this)).filter(A.default.isFunction),this.patches.push(A.default.add([],this.spec)),this.patches.push(A.default.context([],this.context)),this.updatePatches(this.patches)}return(0,k.default)(e,[{key:\"debug\",value:function(e){if(this.debugLevel===e){for(var t,r=arguments.length,n=Array(r>1?r-1:0),a=1;a<r;a++)n[a-1]=arguments[a];(t=console).log.apply(t,n)}}},{key:\"verbose\",value:function(e){if(\"verbose\"===this.debugLevel){for(var t,r=arguments.length,n=Array(r>1?r-1:0),a=1;a<r;a++)n[a-1]=arguments[a];(t=console).log.apply(t,[\"[\"+e+\"]   \"].concat(n))}}},{key:\"wrapPlugin\",value:function(e,t){var r=null,n=void 0;return e[this.pluginProp]?(r=e,n=e[this.pluginProp]):A.default.isFunction(e)?n=e:A.default.isObject(e)&&(n=function(e){return l.default.mark(function t(r,n){var a,u,i,o,s,c,f,d;return l.default.wrap(function(t){for(;;)switch(t.prev=t.next){case 0:d=function t(r,u,i){var o,s,c,f,d,v,m,y,g;return l.default.wrap(function(a){for(;;)switch(a.prev=a.next){case 0:if(A.default.isObject(r)){a.next=6;break}if(e.key!==u[u.length-1]){a.next=4;break}return a.next=4,e.plugin(r,e.key,u,n);case 4:a.next=38;break;case 6:o=u[u.length-1],s=!0,c=!1,f=void 0,a.prev=10,d=(0,h.default)((0,p.default)(r));case 12:if(s=(v=d.next()).done){a.next=24;break}if(m=v.value,y=r[m],g=u.concat(m),!A.default.isObject(y)){a.next=18;break}return a.delegateYield(t(y,g,i),\"t0\",18);case 18:if(\"properties\"===o||m!==e.key){a.next=21;break}return a.next=21,e.plugin(y,m,g,n,i);case 21:s=!0,a.next=12;break;case 24:a.next=30;break;case 26:a.prev=26,a.t1=a.catch(10),c=!0,f=a.t1;case 30:a.prev=30,a.prev=31,!s&&d.return&&d.return();case 33:if(a.prev=33,!c){a.next=36;break}throw f;case 36:return a.finish(33);case 37:return a.finish(30);case 38:case\"end\":return a.stop()}},a[0],this,[[10,26,30,38],[31,,33,37]])},a=[d].map(l.default.mark),u=!0,i=!1,o=void 0,t.prev=5,s=(0,h.default)(r.filter(A.default.isAdditiveMutation));case 7:if(u=(c=s.next()).done){t.next=13;break}return f=c.value,t.delegateYield(d(f.value,f.path,f),\"t0\",10);case 10:u=!0,t.next=7;break;case 13:t.next=19;break;case 15:t.prev=15,t.t1=t.catch(5),i=!0,o=t.t1;case 19:t.prev=19,t.prev=20,!u&&s.return&&s.return();case 22:if(t.prev=22,!i){t.next=25;break}throw o;case 25:return t.finish(22);case 26:return t.finish(19);case 27:case\"end\":return t.stop()}},t,this,[[5,15,19,27],[20,,22,26]])})}(e)),(0,g.default)(n.bind(r),{pluginName:e.name||t,isGenerator:A.default.isGenerator(n)})}},{key:\"nextPlugin\",value:function(){var e=this;return this.wrappedPlugins.find(function(t){return e.getMutationsForPlugin(t).length>0})}},{key:\"nextPromisedPatch\",value:function(){if(this.promisedPatches.length>0)return s.default.race(this.promisedPatches.map(function(e){return e.value}))}},{key:\"getPluginHistory\",value:function(e){var t=this.getPluginName(e);return this.pluginHistory[t]||[]}},{key:\"getPluginRunCount\",value:function(e){return this.getPluginHistory(e).length}},{key:\"getPluginHistoryTip\",value:function(e){var t=this.getPluginHistory(e);return t&&t[t.length-1]||{}}},{key:\"getPluginMutationIndex\",value:function(e){var t=this.getPluginHistoryTip(e).mutationIndex;return\"number\"!=typeof t?-1:t}},{key:\"getPluginName\",value:function(e){return e.pluginName}},{key:\"updatePluginHistory\",value:function(e,t){var r=this.getPluginName(e);(this.pluginHistory[r]=this.pluginHistory[r]||[]).push(t)}},{key:\"updatePatches\",value:function(e,t){var r=this;A.default.normalizeArray(e).forEach(function(e){if(e instanceof Error)return void r.errors.push(e);try{if(!A.default.isObject(e))return void r.debug(\"updatePatches\",\"Got a non-object patch\",e);if(r.showDebug&&r.allPatches.push(e),A.default.isPromise(e.value))return r.promisedPatches.push(e),void r.promisedPatchThen(e);if(A.default.isContextPatch(e))return void r.setContext(e.path,e.value);if(A.default.isMutation(e))return void r.updateMutations(e)}catch(e){r.errors.push(e)}})}},{key:\"updateMutations\",value:function(e){A.default.applyPatch(this.state,e,{allowMetaPatches:this.allowMetaPatches})&&this.mutations.push(e)}},{key:\"removePromisedPatch\",value:function(e){var t=this.promisedPatches.indexOf(e);if(t<0)return void this.debug(\"Tried to remove a promisedPatch that isn't there!\");this.promisedPatches.splice(t,1)}},{key:\"promisedPatchThen\",value:function(e){var t=this;return e.value=e.value.then(function(r){var n=(0,g.default)({},e,{value:r});t.removePromisedPatch(e),t.updatePatches(n)}).catch(function(r){t.removePromisedPatch(e),t.updatePatches(r)})}},{key:\"getMutations\",value:function(e,t){return e=e||0,\"number\"!=typeof t&&(t=this.mutations.length),this.mutations.slice(e,t)}},{key:\"getCurrentMutations\",value:function(){return this.getMutationsForPlugin(this.getCurrentPlugin())}},{key:\"getMutationsForPlugin\",value:function(e){var t=this.getPluginMutationIndex(e);return this.getMutations(t+1)}},{key:\"getCurrentPlugin\",value:function(){return this.currentPlugin}},{key:\"getPatchesOfType\",value:function(e,t){return e.filter(t)}},{key:\"getLib\",value:function(){return this.libMethods}},{key:\"_get\",value:function(e){return A.default.getIn(this.state,e)}},{key:\"_getContext\",value:function(e){return this.contextTree.get(e)}},{key:\"setContext\",value:function(e,t){return this.contextTree.set(e,t)}},{key:\"_hasRun\",value:function(e){return this.getPluginRunCount(this.getCurrentPlugin())>(e||0)}},{key:\"_clone\",value:function(e){return JSON.parse((0,i.default)(e))}},{key:\"dispatch\",value:function(){function e(e){e&&(e=A.default.fullyNormalizeArray(e),r.updatePatches(e,n))}var t=this,r=this,n=this.nextPlugin();if(!n){var a=this.nextPromisedPatch();if(a)return a.then(function(){return t.dispatch()}).catch(function(){return t.dispatch()});var u={spec:this.state,errors:this.errors};return this.showDebug&&(u.patches=this.allPatches),s.default.resolve(u)}if(r.pluginCount=r.pluginCount||{},r.pluginCount[n]=(r.pluginCount[n]||0)+1,r.pluginCount[n]>100)return s.default.resolve({spec:r.state,errors:r.errors.concat(new Error(\"We've reached a hard limit of 100 plugin runs\"))});if(n!==this.currentPlugin&&this.promisedPatches.length){var i=this.promisedPatches.map(function(e){return e.value});return s.default.all(i.map(function(e){return e.then(Function,Function)})).then(function(){return t.dispatch()})}return function(){r.currentPlugin=n;var t=r.getCurrentMutations(),a=r.mutations.length-1;try{if(n.isGenerator){var u=!0,i=!1,o=void 0;try{for(var s,c=(0,h.default)(n(t,r.getLib()));!(u=(s=c.next()).done);u=!0){e(s.value)}}catch(e){i=!0,o=e}finally{try{!u&&c.return&&c.return()}finally{if(i)throw o}}}else{e(n(t,r.getLib()))}}catch(t){e([(0,g.default)((0,m.default)(t),{plugin:n})])}finally{r.updatePluginHistory(n,{mutationIndex:a})}return r.dispatch()}()}}]),e}(),I={refs:O.default,allOf:E.default};t.SpecMap=C,t.plugins=I},function(e,t,r){\"use strict\";Object.defineProperty(t,\"__esModule\",{value:!0}),t.default={key:\"allOf\",plugin:function(e,t,r,n,a){if(!a.meta||!a.meta.$$ref){if(!Array.isArray(e)){var u=new TypeError(\"allOf must be an array\");return u.fullPath=r,u}var i=r.slice(0,-1),o=!1;return[n.replace(i,{})].concat(e.map(function(e,t){if(!n.isObject(e)){if(o)return null;o=!0;var a=new TypeError(\"Elements in allOf must be objects\");return a.fullPath=r,a}return n.mergeDeep(i,e)}))}}}},function(e,t,r){\"use strict\";function n(e){return e&&e.__esModule?e:{default:e}}function a(e,t){return u({children:{}},e,t)}function u(e,t,r){return e.value=t||{},e.protoValue=r?(0,c.default)({},r.protoValue,e.value):e.value,(0,o.default)(e.children).forEach(function(t){var r=e.children[t];e.children[t]=u(r,r.value,e)}),e}Object.defineProperty(t,\"__esModule\",{value:!0});var i=r(0),o=n(i),s=r(1),c=n(s),l=r(11),f=n(l),p=r(12),d=n(p),h=function(){function e(t){(0,f.default)(this,e),this.root=a(t||{})}return(0,d.default)(e,[{key:\"set\",value:function(e,t){var r=this.getParent(e,!0);if(!r)return void u(this.root,t,null);var n=e[e.length-1],i=r.children;if(i[n])return void u(i[n],t,r);i[n]=a(t,r)}},{key:\"get\",value:function(e){if(e=e||[],e.length<1)return this.root.value;for(var t=this.root,r=void 0,n=void 0,a=0;a<e.length&&(n=e[a],r=t.children,r[n]);a++)t=r[n];return t&&t.protoValue}},{key:\"getParent\",value:function(e,t){return!e||e.length<1?null:e.length<2?this.root:e.slice(0,-1).reduce(function(e,r){if(!e)return e;var n=e.children;return!n[r]&&t&&(n[r]=a(null,e)),n[r]},this.root)}}]),e}();t.default=h},function(e,t,r){\"use strict\";function n(e,t){function r(){Error.captureStackTrace?Error.captureStackTrace(this,this.constructor):this.stack=(new Error).stack;for(var e=arguments.length,r=Array(e),n=0;n<e;n++)r[n]=arguments[n];this.message=r[0],t&&t.apply(this,r)}return r.prototype=new Error,r.prototype.name=e,r.prototype.constructor=r,r}Object.defineProperty(t,\"__esModule\",{value:!0}),t.default=n},function(e,t,r){\"use strict\";function n(e){return e&&e.__esModule?e:{default:e}}function a(e,t){if(!N.test(e)){if(!t)throw new S(\"Tried to resolve a relative URL, without having a basePath. path: '\"+e+\"' basePath: '\"+t+\"'\");return I.default.resolve(t,e)}return e}function u(e,t){return new S(\"Could not resolve reference because of: \"+e.message,t,e)}function i(e){return(e+\"\").split(\"#\")}function o(e,t){return c(e).then(function(e){return f(t,e)})}function s(e){void 0!==e?delete z[e]:(0,A.default)(z).forEach(function(e){delete z[e]})}function c(e){var t=z[e];return t?T.default.isPromise(t)?t:k.default.resolve(t):(z[e]=B.fetchJSON(e).then(function(t){return z[e]=t,t}),z[e])}function l(e){return(0,j.default)(e,{headers:{Accept:\"application/json\"},loadSpec:!0}).then(function(e){return e.json()})}function f(e,t){var r=p(e);if(r.length<1)return t;var n=T.default.getIn(t,r);if(void 0===n)throw new S(\"Could not resolve pointer: \"+e+\" does not exist in document\",{pointer:e});return n}function p(e){if(\"string\"!=typeof e)throw new TypeError(\"Expected a string, got a \"+(void 0===e?\"undefined\":(0,x.default)(e)));return\"/\"===e[0]&&(e=e.substr(1)),\"\"===e?[]:e.split(\"/\").map(d)}function d(e){return\"string\"!=typeof e?e:e.replace(/~1/g,\"/\").replace(/~0/g,\"~\")}function h(e){return e.replace(/~/g,\"~0\").replace(/\\//g,\"~1\")}function v(e){return 0===e.length?\"\":\"/\"+e.map(h).join(\"/\")}function m(e,t){if(L(t))return!0;var r=e.charAt(t.length);return 0===e.indexOf(t)&&(!r||\"/\"===r||\"#\"===r)}function y(e,t,r,n){var a=H.get(n);a||(a={},H.set(n,a));var u=v(r),i=(t||\"<specmap-base>\")+\"#\"+e;if(null==t&&m(u,e))return!0;var o=\"\";if(r.some(function(e){return o=o+\"/\"+h(e),a[o]&&a[o].some(function(e){return m(e,i)||m(i,e)})}))return!0;a[u]=(a[u]||[]).concat(i)}function g(e,t){function r(e){return T.default.isObject(e)&&(n.indexOf(e)>=0||(0,A.default)(e).some(function(t){return r(e[t])}))}var n=[e];return t.path.reduce(function(e,t){return n.push(e[t]),e[t]},e),r(t.value)}Object.defineProperty(t,\"__esModule\",{value:!0});var b=r(2),x=n(b),P=r(10),k=n(P),w=r(0),A=n(w),q=r(27),O=n(q),_=r(5),E=n(_),M=r(15),j=n(M),C=r(7),I=n(C),R=r(8),T=n(R),D=r(23),F=n(D),N=new RegExp(\"^([a-z]+://|//)\",\"i\"),S=(0,F.default)(\"JSONRefError\",function(e,t,r){this.originalError=r,(0,E.default)(this,t||{})}),z={},H=new O.default,U={key:\"$ref\",plugin:function(e,t,r,n){var s=r.slice(0,-1),c=n.getContext(r).baseDoc;if(\"string\"!=typeof e)return new S(\"$ref: must be a string (JSON-Ref)\",{$ref:e,baseDoc:c,fullPath:r});var l=i(e),f=l[0],d=l[1]||\"\",h=void 0;try{h=c||f?a(f,c):null}catch(t){return u(t,{pointer:d,$ref:e,basePath:h,fullPath:r})}var v=void 0,m=void 0;if(!y(d,h,s,n)){if(null==h?(m=p(d),void 0===(v=n.get(m))&&(v=new S(\"Could not resolve reference: \"+e,{pointer:d,$ref:e,baseDoc:c,fullPath:r}))):v=o(h,d).catch(function(t){throw u(t,{pointer:d,$ref:e,baseDoc:c,fullPath:r})}),v instanceof Error)return[T.default.remove(r),v];var b=T.default.replace(s,v,{$$ref:e});return h&&h!==c?[b,T.default.context(s,{baseDoc:h})]:g(n.state,b)?void 0:b}}},B=(0,E.default)(U,{docCache:z,absoluteify:a,clearCache:s,JSONRefError:S,wrapError:u,getDoc:c,split:i,extractFromDoc:o,fetchJSON:l,extract:f,jsonPointerToArray:p,unescapeJsonPointerToken:d});t.default=B;var L=function(e){return!e||\"/\"===e||\"#\"===e}},function(e,t){e.exports=require(\"babel-runtime/core-js/json/stringify\")},function(e,t){e.exports=require(\"babel-runtime/core-js/object/create\")},function(e,t){e.exports=require(\"babel-runtime/core-js/weak-map\")},function(e,t){e.exports=require(\"babel-runtime/helpers/objectWithoutProperties\")},function(e,t){e.exports=require(\"babel-runtime/helpers/toConsumableArray\")},function(e,t){e.exports=require(\"btoa\")},function(e,t){e.exports=require(\"deep-extend\")},function(e,t){e.exports=require(\"fast-json-patch\")},function(e,t){e.exports=require(\"isomorphic-form-data\")},function(e,t){e.exports=require(\"js-yaml\")},function(e,t){e.exports=require(\"lodash/cloneDeep\")},function(e,t){e.exports=require(\"lodash/get\")},function(e,t){e.exports=require(\"lodash/isObject\")},function(e,t){e.exports=require(\"lodash/pick\")},function(e,t){e.exports=require(\"qs\")},function(e,t,r){e.exports=r(16)}]);"],"l":{"1":70}}}